


ARM Macro Assembler    Page 1 


    1 00000000         
    2 00000000         
    3 00000000                 AREA             |.text|, CODE, READONLY, ALIGN=
2
    4 00000000                 THUMB
    5 00000000                 EXPORT           Start
    6 00000000                 IMPORT           PortF_Init
    7 00000000                 IMPORT           LEDs_on
    8 00000000                 IMPORT           red_on
    9 00000000                 IMPORT           red_toggle
   10 00000000                 IMPORT           blue_on
   11 00000000                 IMPORT           blue_toggle
   12 00000000                 IMPORT           green_on
   13 00000000                 IMPORT           green_toggle
   14 00000000                 IMPORT           delay
   15 00000000                 IMPORT           all_off
   16 00000000                 IMPORT           buttons
   17 00000000         
   18 00000000         
   19 00000000         ;Be sure to import your created I/O functions
   20 00000000         
   21 00000000         
   22 00000000         
   23 00000000         Start
   24 00000000 F7FF FFFE       BL               PortF_Init
   25 00000004         loop
   26 00000004         ;Used by Part 1 to prove PortF_Init is correct
   27 00000004         ;BL LEDs_on ;Comment out for later parts
   28 00000004         ; BL red_toggle
   29 00000004         ; BL delay
   30 00000004         ; BL buttons
   31 00000004         ; BL blue_toggle
   32 00000004         ; BL delay
   33 00000004         ; BL buttons
   34 00000004         ; BL green_toggle
   35 00000004         ; BL delay
   36 00000004         ; BL buttons
   37 00000004         ; BL all_off
   38 00000004         ; BL delay
   39 00000004         ; 
   40 00000004         ; BL red_on
   41 00000004         ; BL delay
   42 00000004         ; BL buttons
   43 00000004         ; BL blue_on
   44 00000004         ; BL delay
   45 00000004         ; BL buttons
   46 00000004         ; 
   47 00000004         ; BL all_off
   48 00000004         ; BL delay
   49 00000004         ; BL buttons
   50 00000004         
   51 00000004         ; Part 3
   52 00000004         ; Call delay
   53 00000004         ; Read the state of the buttons
   54 00000004 F7FF FFFE       BL               buttons
   55 00000008         
   56 00000008         ; None -> Call toggle
   57 00000008 2811            CMP              R0, #0x11
   58 0000000A F43F AFFE       BEQ              green_toggle



ARM Macro Assembler    Page 2 


   59 0000000E F7FF FFFE       BL               delay
   60 00000012         
   61 00000012         ; SW1 -> Call blue_on
   62 00000012 F7FF FFFE       BL               buttons
   63 00000016 2801            CMP              R0, #0x01
   64 00000018 F43F AFFE       BEQ              blue_toggle
   65 0000001C F7FF FFFE       BL               delay
   66 00000020         
   67 00000020         ; SW2 -> Call red_on
   68 00000020 F7FF FFFE       BL               buttons
   69 00000024 2810            CMP              R0, #0x10
   70 00000026 F43F AFFE       BEQ              red_toggle
   71 0000002A F7FF FFFE       BL               delay
   72 0000002E         
   73 0000002E         ; Both -> Call toggle, blue_on, red_on
   74 0000002E F7FF FFFE       BL               buttons
   75 00000032 2800            CMP              R0, #0x00
   76 00000034 D002            BEQ              both
   77 00000036 F7FF FFFE       BL               delay
   78 0000003A         
   79 0000003A E7E3            B                loop
   80 0000003C                 ALIGN
   81 0000003C         
   82 0000003C         both
   83 0000003C         
   84 0000003C F7FF FFFE       BL               buttons
   85 00000040 2800            CMP              R0, #0x00
   86 00000042 D1DF            BNE              loop
   87 00000044         
   88 00000044 F7FF FFFE       BL               delay
   89 00000048 F7FF FFFE       BL               all_off
   90 0000004C F7FF FFFE       BL               delay
   91 00000050         
   92 00000050 F7FF FFFE       BL               buttons
   93 00000054 2800            CMP              R0, #0x00
   94 00000056 D1D5            BNE              loop
   95 00000058         
   96 00000058 F7FF FFFE       BL               delay
   97 0000005C F7FF FFFE       BL               LEDs_on
   98 00000060 F7FF FFFE       BL               delay
   99 00000064         
  100 00000064 F7FF FFFE       BL               buttons
  101 00000068 2800            CMP              R0, #0x00
  102 0000006A D1CB            BNE              loop
  103 0000006C         
  104 0000006C F7FF FFFE       BL               delay
  105 00000070 F7FF FFFE       BL               red_toggle
  106 00000074 F7FF FFFE       BL               blue_toggle
  107 00000078 F7FF FFFE       BL               delay
  108 0000007C         
  109 0000007C F7FF FFFE       BL               buttons
  110 00000080 2800            CMP              R0, #0x00
  111 00000082 D1BF            BNE              loop
  112 00000084         
  113 00000084 F7FF FFFE       BL               delay
  114 00000088 F7FF FFFE       BL               green_toggle
  115 0000008C F7FF FFFE       BL               delay
  116 00000090         
  117 00000090 F7FF FFB8       BL               loop



ARM Macro Assembler    Page 3 


  118 00000094                 ALIGN
  119 00000094                 END
Command Line: --debug --xref --diag_suppress=9931 --cpu=Cortex-M4 --apcs=interw
ork --depend=.\objects\main.d -o.\objects\main.o -I.\RTE\_Target_1 -IC:\Users\e
ricm\AppData\Local\Arm\Packs\ARM\CMSIS\5.6.0\Device\ARM\ARMCM4\Include -IC:\Kei
l_v5\ARM\CMSIS\Include --predefine="__EVAL SETA 1" --predefine="__UVISION_VERSI
ON SETA 529" --predefine="ARMCM4 SETA 1" --list=.\listings\main.lst main.s



ARM Macro Assembler    Page 1 Alphabetic symbol ordering
Relocatable symbols

.text 00000000

Symbol: .text
   Definitions
      At line 3 in file main.s
   Uses
      None
Comment: .text unused
Start 00000000

Symbol: Start
   Definitions
      At line 23 in file main.s
   Uses
      At line 5 in file main.s
Comment: Start used once
both 0000003C

Symbol: both
   Definitions
      At line 82 in file main.s
   Uses
      At line 76 in file main.s
Comment: both used once
loop 00000004

Symbol: loop
   Definitions
      At line 25 in file main.s
   Uses
      At line 79 in file main.s
      At line 86 in file main.s
      At line 94 in file main.s
      At line 102 in file main.s
      At line 111 in file main.s
      At line 117 in file main.s

4 symbols



ARM Macro Assembler    Page 1 Alphabetic symbol ordering
External symbols

LEDs_on 00000000

Symbol: LEDs_on
   Definitions
      At line 7 in file main.s
   Uses
      At line 97 in file main.s
Comment: LEDs_on used once
PortF_Init 00000000

Symbol: PortF_Init
   Definitions
      At line 6 in file main.s
   Uses
      At line 24 in file main.s
Comment: PortF_Init used once
all_off 00000000

Symbol: all_off
   Definitions
      At line 15 in file main.s
   Uses
      At line 89 in file main.s
Comment: all_off used once
blue_on 00000000

Symbol: blue_on
   Definitions
      At line 10 in file main.s
   Uses
      None
Comment: blue_on unused
blue_toggle 00000000

Symbol: blue_toggle
   Definitions
      At line 11 in file main.s
   Uses
      At line 64 in file main.s
      At line 106 in file main.s

buttons 00000000

Symbol: buttons
   Definitions
      At line 16 in file main.s
   Uses
      At line 54 in file main.s
      At line 62 in file main.s
      At line 68 in file main.s
      At line 74 in file main.s
      At line 84 in file main.s
      At line 92 in file main.s
      At line 100 in file main.s
      At line 109 in file main.s

delay 00000000

Symbol: delay



ARM Macro Assembler    Page 2 Alphabetic symbol ordering
External symbols

   Definitions
      At line 14 in file main.s
   Uses
      At line 59 in file main.s
      At line 65 in file main.s
      At line 71 in file main.s
      At line 77 in file main.s
      At line 88 in file main.s
      At line 90 in file main.s
      At line 96 in file main.s
      At line 98 in file main.s
      At line 104 in file main.s
      At line 107 in file main.s
      At line 113 in file main.s
      At line 115 in file main.s

green_on 00000000

Symbol: green_on
   Definitions
      At line 12 in file main.s
   Uses
      None
Comment: green_on unused
green_toggle 00000000

Symbol: green_toggle
   Definitions
      At line 13 in file main.s
   Uses
      At line 58 in file main.s
      At line 114 in file main.s

red_on 00000000

Symbol: red_on
   Definitions
      At line 8 in file main.s
   Uses
      None
Comment: red_on unused
red_toggle 00000000

Symbol: red_toggle
   Definitions
      At line 9 in file main.s
   Uses
      At line 70 in file main.s
      At line 105 in file main.s

11 symbols
348 symbols in table
