


ARM Macro Assembler    Page 1 


    1 00000000 400253FC 
                       GPIO_PORTF_DATA_R
                               EQU              0x400253FC
    2 00000000 40025400 
                       GPIO_PORTF_DIR_R
                               EQU              0x40025400
    3 00000000 40025420 
                       GPIO_PORTF_AFSEL_R
                               EQU              0x40025420
    4 00000000 40025510 
                       GPIO_PORTF_PUR_R
                               EQU              0x40025510
    5 00000000 4002551C 
                       GPIO_PORTF_DEN_R
                               EQU              0x4002551C
    6 00000000 40025520 
                       GPIO_PORTF_LOCK_R
                               EQU              0x40025520
    7 00000000 40025524 
                       GPIO_PORTF_CR_R
                               EQU              0x40025524
    8 00000000 40025528 
                       GPIO_PORTF_AMSEL_R
                               EQU              0x40025528
    9 00000000 4002552C 
                       GPIO_PORTF_PCTL_R
                               EQU              0x4002552C
   10 00000000 4C4F434B 
                       GPIO_LOCK_KEY
                               EQU              0x4C4F434B  ; Unlocks the GPIO_
                                                            CR register
   11 00000000 400FE108 
                       SYSCTL_RCGC2_R
                               EQU              0x400FE108
   12 00000000 00000020 
                       SYSCTL_RCGC2_GPIOF
                               EQU              0x00000020  ; port F Clock Gati
                                                            ng Control
   13 00000000 40025038 
                       LEDS    EQU              0x40025038
   14 00000000         
   15 00000000         
   16 00000000         
   17 00000000                 AREA             |.text|, CODE, READONLY, ALIGN=
2
   18 00000000                 THUMB
   19 00000000                 EXPORT           PortF_Init
   20 00000000                 EXPORT           LEDs_on
   21 00000000                 EXPORT           red_on
   22 00000000                 EXPORT           red_toggle
   23 00000000                 EXPORT           blue_on
   24 00000000                 EXPORT           blue_toggle
   25 00000000                 EXPORT           green_on
   26 00000000                 EXPORT           green_toggle
   27 00000000                 EXPORT           delay
   28 00000000                 EXPORT           all_off
   29 00000000                 EXPORT           buttons
   30 00000000         
   31 00000000         ;Be sure to export your created I/O functions



ARM Macro Assembler    Page 2 


   32 00000000         
   33 00000000         
   34 00000000         
   35 00000000         PortF_Init
   36 00000000         ;Do not use MOV in the code you write
   37 00000000         
   38 00000000         ; 1) activate clock for Port F
   39 00000000 4931            LDR              R1, =SYSCTL_RCGC2_R
   40 00000002 6808            LDR              R0, [R1]
   41 00000004 F040 0020       ORR              R0, R0, #0x00000020
   42 00000008 6008            STR              R0, [R1]
   43 0000000A         ; allow time for clock to finish
   44 0000000A BF00            NOP
   45 0000000C BF00            NOP
   46 0000000E         
   47 0000000E 492F            LDR              R1, =GPIO_PORTF_LOCK_R ; 2) unl
                                                            ock the lock regist
                                                            er
   48 00000010 482F            LDR              R0, =0x4C4F434B ; unlock GPIO P
                                                            ort F Commit Regist
                                                            er
   49 00000012 6008            STR              R0, [R1]
   50 00000014 492F            LDR              R1, =GPIO_PORTF_CR_R ; enable c
                                                            ommit for Port F
   51 00000016 F04F 00FF       MOV              R0, #0xFF   ; 1 means allow acc
                                                            ess
   52 0000001A 6008            STR              R0, [R1]
   53 0000001C         
   54 0000001C         ; 3) disable analog functionality
   55 0000001C         ; 0 means analog is off
   56 0000001C 492E            LDR              R1, =GPIO_PORTF_AMSEL_R
   57 0000001E 6808            LDR              R0, [R1]
   58 00000020 F020 001F       BIC              R0, R0, #0x1F
   59 00000024 6008            STR              R0, [R1]
   60 00000026         
   61 00000026         
   62 00000026         
   63 00000026 492D            LDR              R1, =GPIO_PORTF_PCTL_R ; 4) con
                                                            figure as GPIO
   64 00000028 F04F 0000       MOV              R0, #0x00000000 ; 0 means confi
                                                            gure Port F as GPIO
                                                            
   65 0000002C 6008            STR              R0, [R1]
   66 0000002E         
   67 0000002E         ; 5) set direction register
   68 0000002E 492C            LDR              R1, =GPIO_PORTF_DIR_R
   69 00000030 F040 000E       ORR              R0, R0, #0x0E
   70 00000034 F020 0011       BIC              R0, R0, #0x11
   71 00000038 6008            STR              R0, [R1]
   72 0000003A         
   73 0000003A 492A            LDR              R1, =GPIO_PORTF_AFSEL_R ; 6) re
                                                            gular port function
                                                            
   74 0000003C F04F 0000       MOV              R0, #0      ; 0 means disable a
                                                            lternate function 
   75 00000040 6008            STR              R0, [R1]
   76 00000042 4929            LDR              R1, =GPIO_PORTF_PUR_R ; enable 
                                                            pull-up resistors f
                                                            or pushbuttons



ARM Macro Assembler    Page 3 


   77 00000044 F04F 0011       MOV              R0, #0x11
   78 00000048 6008            STR              R0, [R1]
   79 0000004A         
   80 0000004A         ; 7) enable Port F digital port
   81 0000004A 4928            LDR              R1, =GPIO_PORTF_DEN_R
   82 0000004C F040 001F       ORR              R0,R0, #0x1F
   83 00000050 6008            STR              R0, [R1]
   84 00000052         
   85 00000052         
   86 00000052 4770            BX               LR
   87 00000054         
   88 00000054         
   89 00000054         ; Used to test init function
   90 00000054         ; Format should not be copied for later parts of the lab
                       , instead use GPIO_PORTF_DATA_R
   91 00000054         LEDs_on
   92 00000054 4826            LDR              R0, =LEDS
   93 00000056 F04F 01FF       MOV              R1, #0xFF
   94 0000005A 6001            STR              R1, [R0]
   95 0000005C 4770            BX               LR
   96 0000005E         
   97 0000005E         
   98 0000005E         ;Add your functions here
   99 0000005E         
  100 0000005E         red_on
  101 0000005E 4925            LDR              R1, =GPIO_PORTF_DATA_R
  102 00000060 6808            LDR              R0, [R1]
  103 00000062 F040 0002       ORR              R0, R0, #0x02
  104 00000066 6008            STR              R0, [R1]
  105 00000068 4770            BX               LR
  106 0000006A         
  107 0000006A         
  108 0000006A         red_toggle
  109 0000006A 4922            LDR              R1, =GPIO_PORTF_DATA_R
  110 0000006C 6808            LDR              R0, [R1]
  111 0000006E F080 0002       EOR              R0, R0, #0x02
  112 00000072 6008            STR              R0, [R1]
  113 00000074 4770            BX               LR
  114 00000076         
  115 00000076         
  116 00000076         blue_on
  117 00000076 491F            LDR              R1, =GPIO_PORTF_DATA_R
  118 00000078 6808            LDR              R0, [R1]
  119 0000007A F040 0004       ORR              R0, R0, #0x04
  120 0000007E 6008            STR              R0, [R1]
  121 00000080 4770            BX               LR
  122 00000082         
  123 00000082         blue_toggle
  124 00000082 491C            LDR              R1, =GPIO_PORTF_DATA_R
  125 00000084 6808            LDR              R0, [R1]
  126 00000086 F080 0004       EOR              R0, R0, #0x04
  127 0000008A 6008            STR              R0, [R1]
  128 0000008C 4770            BX               LR
  129 0000008E         
  130 0000008E         green_on
  131 0000008E 4919            LDR              R1, =GPIO_PORTF_DATA_R
  132 00000090 6808            LDR              R0, [R1]
  133 00000092 F040 0008       ORR              R0, R0, #0x08
  134 00000096 6008            STR              R0, [R1]



ARM Macro Assembler    Page 4 


  135 00000098 4770            BX               LR
  136 0000009A         
  137 0000009A         green_toggle
  138 0000009A 4916            LDR              R1, =GPIO_PORTF_DATA_R
  139 0000009C 6808            LDR              R0, [R1]
  140 0000009E F080 0008       EOR              R0, R0, #0x08
  141 000000A2 6008            STR              R0, [R1]
  142 000000A4 4770            BX               LR
  143 000000A6         
  144 000000A6         all_off
  145 000000A6 4913            LDR              R1, =GPIO_PORTF_DATA_R
  146 000000A8 6808            LDR              R0, [R1]
  147 000000AA F020 001F       BIC              R0, R0, #0x1F
  148 000000AE 6008            STR              R0, [R1]
  149 000000B0 4770            BX               LR
  150 000000B2         
  151 000000B2         
  152 000000B2         buttons
  153 000000B2 4910            LDR              R1, =GPIO_PORTF_DATA_R
  154 000000B4 6808            LDR              R0, [R1]
  155 000000B6 F000 0011       AND              R0, R0, #0x11
  156 000000BA 6008            STR              R0, [R1]
  157 000000BC         
  158 000000BC 4770            BX               LR
  159 000000BE         
  160 000000BE 00145855 
                       delayVal
                               EQU              1333333
  161 000000BE         
  162 000000BE         delay
  163 000000BE 480E            LDR              R0, =delayVal
  164 000000C0         newDelay_dim_loop
  165 000000C0 1E40            SUBS             R0, R0, #1
  166 000000C2 D1FD            BNE              newDelay_dim_loop
  167 000000C4 4770            BX               LR
  168 000000C6 00 00           ALIGN
  169 000000C8                 END
              400FE108 
              40025520 
              4C4F434B 
              40025524 
              40025528 
              4002552C 
              40025400 
              40025420 
              40025510 
              4002551C 
              40025038 
              400253FC 
              00145855 
Command Line: --debug --xref --diag_suppress=9931 --cpu=Cortex-M4 --apcs=interw
ork --depend=.\objects\portf.d -o.\objects\portf.o -I.\RTE\_Target_1 -IC:\Users
\ericm\AppData\Local\Arm\Packs\ARM\CMSIS\5.6.0\Device\ARM\ARMCM4\Include -IC:\K
eil_v5\ARM\CMSIS\Include --predefine="__EVAL SETA 1" --predefine="__UVISION_VER
SION SETA 529" --predefine="ARMCM4 SETA 1" --list=.\listings\portf.lst PortF.s



ARM Macro Assembler    Page 1 Alphabetic symbol ordering
Relocatable symbols

.text 00000000

Symbol: .text
   Definitions
      At line 17 in file PortF.s
   Uses
      None
Comment: .text unused
LEDs_on 00000054

Symbol: LEDs_on
   Definitions
      At line 91 in file PortF.s
   Uses
      At line 20 in file PortF.s
Comment: LEDs_on used once
PortF_Init 00000000

Symbol: PortF_Init
   Definitions
      At line 35 in file PortF.s
   Uses
      At line 19 in file PortF.s
Comment: PortF_Init used once
all_off 000000A6

Symbol: all_off
   Definitions
      At line 144 in file PortF.s
   Uses
      At line 28 in file PortF.s
Comment: all_off used once
blue_on 00000076

Symbol: blue_on
   Definitions
      At line 116 in file PortF.s
   Uses
      At line 23 in file PortF.s
Comment: blue_on used once
blue_toggle 00000082

Symbol: blue_toggle
   Definitions
      At line 123 in file PortF.s
   Uses
      At line 24 in file PortF.s
Comment: blue_toggle used once
buttons 000000B2

Symbol: buttons
   Definitions
      At line 152 in file PortF.s
   Uses
      At line 29 in file PortF.s
Comment: buttons used once
delay 000000BE

Symbol: delay



ARM Macro Assembler    Page 2 Alphabetic symbol ordering
Relocatable symbols

   Definitions
      At line 162 in file PortF.s
   Uses
      At line 27 in file PortF.s
Comment: delay used once
green_on 0000008E

Symbol: green_on
   Definitions
      At line 130 in file PortF.s
   Uses
      At line 25 in file PortF.s
Comment: green_on used once
green_toggle 0000009A

Symbol: green_toggle
   Definitions
      At line 137 in file PortF.s
   Uses
      At line 26 in file PortF.s
Comment: green_toggle used once
newDelay_dim_loop 000000C0

Symbol: newDelay_dim_loop
   Definitions
      At line 164 in file PortF.s
   Uses
      At line 166 in file PortF.s
Comment: newDelay_dim_loop used once
red_on 0000005E

Symbol: red_on
   Definitions
      At line 100 in file PortF.s
   Uses
      At line 21 in file PortF.s
Comment: red_on used once
red_toggle 0000006A

Symbol: red_toggle
   Definitions
      At line 108 in file PortF.s
   Uses
      At line 22 in file PortF.s
Comment: red_toggle used once
13 symbols



ARM Macro Assembler    Page 1 Alphabetic symbol ordering
Absolute symbols

GPIO_LOCK_KEY 4C4F434B

Symbol: GPIO_LOCK_KEY
   Definitions
      At line 10 in file PortF.s
   Uses
      None
Comment: GPIO_LOCK_KEY unused
GPIO_PORTF_AFSEL_R 40025420

Symbol: GPIO_PORTF_AFSEL_R
   Definitions
      At line 3 in file PortF.s
   Uses
      At line 73 in file PortF.s
Comment: GPIO_PORTF_AFSEL_R used once
GPIO_PORTF_AMSEL_R 40025528

Symbol: GPIO_PORTF_AMSEL_R
   Definitions
      At line 8 in file PortF.s
   Uses
      At line 56 in file PortF.s
Comment: GPIO_PORTF_AMSEL_R used once
GPIO_PORTF_CR_R 40025524

Symbol: GPIO_PORTF_CR_R
   Definitions
      At line 7 in file PortF.s
   Uses
      At line 50 in file PortF.s
Comment: GPIO_PORTF_CR_R used once
GPIO_PORTF_DATA_R 400253FC

Symbol: GPIO_PORTF_DATA_R
   Definitions
      At line 1 in file PortF.s
   Uses
      At line 101 in file PortF.s
      At line 109 in file PortF.s
      At line 117 in file PortF.s
      At line 124 in file PortF.s
      At line 131 in file PortF.s
      At line 138 in file PortF.s
      At line 145 in file PortF.s
      At line 153 in file PortF.s

GPIO_PORTF_DEN_R 4002551C

Symbol: GPIO_PORTF_DEN_R
   Definitions
      At line 5 in file PortF.s
   Uses
      At line 81 in file PortF.s
Comment: GPIO_PORTF_DEN_R used once
GPIO_PORTF_DIR_R 40025400

Symbol: GPIO_PORTF_DIR_R
   Definitions



ARM Macro Assembler    Page 2 Alphabetic symbol ordering
Absolute symbols

      At line 2 in file PortF.s
   Uses
      At line 68 in file PortF.s
Comment: GPIO_PORTF_DIR_R used once
GPIO_PORTF_LOCK_R 40025520

Symbol: GPIO_PORTF_LOCK_R
   Definitions
      At line 6 in file PortF.s
   Uses
      At line 47 in file PortF.s
Comment: GPIO_PORTF_LOCK_R used once
GPIO_PORTF_PCTL_R 4002552C

Symbol: GPIO_PORTF_PCTL_R
   Definitions
      At line 9 in file PortF.s
   Uses
      At line 63 in file PortF.s
Comment: GPIO_PORTF_PCTL_R used once
GPIO_PORTF_PUR_R 40025510

Symbol: GPIO_PORTF_PUR_R
   Definitions
      At line 4 in file PortF.s
   Uses
      At line 76 in file PortF.s
Comment: GPIO_PORTF_PUR_R used once
LEDS 40025038

Symbol: LEDS
   Definitions
      At line 13 in file PortF.s
   Uses
      At line 92 in file PortF.s
Comment: LEDS used once
SYSCTL_RCGC2_GPIOF 00000020

Symbol: SYSCTL_RCGC2_GPIOF
   Definitions
      At line 12 in file PortF.s
   Uses
      None
Comment: SYSCTL_RCGC2_GPIOF unused
SYSCTL_RCGC2_R 400FE108

Symbol: SYSCTL_RCGC2_R
   Definitions
      At line 11 in file PortF.s
   Uses
      At line 39 in file PortF.s
Comment: SYSCTL_RCGC2_R used once
delayVal 00145855

Symbol: delayVal
   Definitions
      At line 160 in file PortF.s
   Uses
      At line 163 in file PortF.s



ARM Macro Assembler    Page 3 Alphabetic symbol ordering
Absolute symbols

Comment: delayVal used once
14 symbols
362 symbols in table
