


ARM Macro Assembler    Page 1 


    1 00000000         ; Credit: Based on software by Valvano
    2 00000000         
    3 00000000 400253FC 
                       GPIO_PORTF_DATA_R
                               EQU              0x400253FC
    4 00000000 40025400 
                       GPIO_PORTF_DIR_R
                               EQU              0x40025400
    5 00000000 40025420 
                       GPIO_PORTF_AFSEL_R
                               EQU              0x40025420
    6 00000000 40025510 
                       GPIO_PORTF_PUR_R
                               EQU              0x40025510
    7 00000000 4002551C 
                       GPIO_PORTF_DEN_R
                               EQU              0x4002551C
    8 00000000 40025520 
                       GPIO_PORTF_LOCK_R
                               EQU              0x40025520
    9 00000000 40025524 
                       GPIO_PORTF_CR_R
                               EQU              0x40025524
   10 00000000 40025528 
                       GPIO_PORTF_AMSEL_R
                               EQU              0x40025528
   11 00000000 4002552C 
                       GPIO_PORTF_PCTL_R
                               EQU              0x4002552C
   12 00000000 4C4F434B 
                       GPIO_LOCK_KEY
                               EQU              0x4C4F434B  ; Unlocks the GPIO_
                                                            CR register
   13 00000000 400FE108 
                       SYSCTL_RCGC2_R
                               EQU              0x400FE108
   14 00000000 00000020 
                       SYSCTL_RCGC2_GPIOF
                               EQU              0x00000020  ; port F Clock Gati
                                                            ng Control
   15 00000000 00000002 
                       RED     EQU              0x02
   16 00000000 00000004 
                       BLUE    EQU              0x04
   17 00000000 00000008 
                       GREEN   EQU              0x08
   18 00000000 40025008 
                       PF1     EQU              0x40025008
   19 00000000 40025010 
                       PF2     EQU              0x40025010
   20 00000000 40025020 
                       PF3     EQU              0x40025020
   21 00000000         
   22 00000000                 AREA             |.text|, CODE, READONLY, ALIGN=
2
   23 00000000                 THUMB
   24 00000000                 EXPORT           PortF_Init
   25 00000000                 EXPORT           getButtons
   26 00000000         



ARM Macro Assembler    Page 2 


   27 00000000         ;Initializes all buttons and LEDs
   28 00000000         PortF_Init
   29 00000000 4916            LDR              R1, =SYSCTL_RCGC2_R ; 1) activa
                                                            te clock for Port F
                                                            
   30 00000002 6808            LDR              R0, [R1]
   31 00000004 F040 0020       ORR              R0, R0, #0x20 ; set bit 5 to tu
                                                            rn on clock
   32 00000008 6008            STR              R0, [R1]
   33 0000000A BF00            NOP
   34 0000000C BF00            NOP                          ; allow time for cl
                                                            ock to finish
   35 0000000E 4914            LDR              R1, =GPIO_PORTF_LOCK_R ; 2) unl
                                                            ock the lock regist
                                                            er
   36 00000010 4814            LDR              R0, =0x4C4F434B ; unlock GPIO P
                                                            ort F Commit Regist
                                                            er
   37 00000012 6008            STR              R0, [R1]
   38 00000014 4914            LDR              R1, =GPIO_PORTF_CR_R ; enable c
                                                            ommit for Port F
   39 00000016 F04F 00FF       MOV              R0, #0xFF   ; 1 means allow acc
                                                            ess
   40 0000001A 6008            STR              R0, [R1]
   41 0000001C 4913            LDR              R1, =GPIO_PORTF_AMSEL_R ; 3) di
                                                            sable analog functi
                                                            onality
   42 0000001E F04F 0000       MOV              R0, #0      ; 0 means analog is
                                                             off
   43 00000022 6008            STR              R0, [R1]
   44 00000024 4912            LDR              R1, =GPIO_PORTF_PCTL_R ; 4) con
                                                            figure as GPIO
   45 00000026 F04F 0000       MOV              R0, #0x00000000 ; 0 means confi
                                                            gure Port F as GPIO
                                                            
   46 0000002A 6008            STR              R0, [R1]
   47 0000002C 4911            LDR              R1, =GPIO_PORTF_DIR_R ; 5) set 
                                                            direction register
   48 0000002E 6808            LDR              R0, [R1]
   49 00000030 F04F 000E       MOV              R0, #0x0E
   50 00000034 6008            STR              R0, [R1]
   51 00000036 4910            LDR              R1, =GPIO_PORTF_AFSEL_R ; 6) re
                                                            gular port function
                                                            
   52 00000038 F04F 0000       MOV              R0, #0      ; 0 means disable a
                                                            lternate function 
   53 0000003C 6008            STR              R0, [R1]
   54 0000003E 490F            LDR              R1, =GPIO_PORTF_PUR_R ; pull-up
                                                             resistors for PF4,
                                                            PF0
   55 00000040 F04F 0011       MOV              R0, #0x11   ; enable weak pull-
                                                            up on PF0 and PF4
   56 00000044 6008            STR              R0, [R1]
   57 00000046 490E            LDR              R1, =GPIO_PORTF_DEN_R ; 7) enab
                                                            le Port F digital p
                                                            ort
   58 00000048 F04F 00FF       MOV              R0, #0xFF   ; 1 means enable di
                                                            gital I/O
   59 0000004C 6008            STR              R0, [R1]



ARM Macro Assembler    Page 3 


   60 0000004E 4770            BX               LR
   61 00000050         
   62 00000050         
   63 00000050         ;Returns the value of the pushbuttons in R0
   64 00000050         ;The states of SW1 and SW2 are bit 4, and bit 0, respect
                       ively
   65 00000050         getButtons
   66 00000050 490C            LDR              R1, =GPIO_PORTF_DATA_R
   67 00000052 6808            LDR              R0, [R1]
   68 00000054 F000 0011       AND              R0, #0x11
   69 00000058 4770            BX               LR
   70 0000005A         
   71 0000005A 00 00           ALIGN
   72 0000005C                 END
              400FE108 
              40025520 
              4C4F434B 
              40025524 
              40025528 
              4002552C 
              40025400 
              40025420 
              40025510 
              4002551C 
              400253FC 
Command Line: --debug --xref --diag_suppress=9931 --cpu=Cortex-M4 --apcs=interw
ork --depend=.\objects\init.d -o.\objects\init.o -I.\RTE\_Target_1 -IC:\Users\e
ricm\AppData\Local\Arm\Packs\ARM\CMSIS\5.6.0\Device\ARM\ARMCM4\Include -IC:\Kei
l_v5\ARM\CMSIS\Include --predefine="__EVAL SETA 1" --predefine="__UVISION_VERSI
ON SETA 529" --predefine="ARMCM4 SETA 1" --list=.\listings\init.lst Init.s



ARM Macro Assembler    Page 1 Alphabetic symbol ordering
Relocatable symbols

.text 00000000

Symbol: .text
   Definitions
      At line 22 in file Init.s
   Uses
      None
Comment: .text unused
PortF_Init 00000000

Symbol: PortF_Init
   Definitions
      At line 28 in file Init.s
   Uses
      At line 24 in file Init.s
Comment: PortF_Init used once
getButtons 00000050

Symbol: getButtons
   Definitions
      At line 65 in file Init.s
   Uses
      At line 25 in file Init.s
Comment: getButtons used once
3 symbols



ARM Macro Assembler    Page 1 Alphabetic symbol ordering
Absolute symbols

BLUE 00000004

Symbol: BLUE
   Definitions
      At line 16 in file Init.s
   Uses
      None
Comment: BLUE unused
GPIO_LOCK_KEY 4C4F434B

Symbol: GPIO_LOCK_KEY
   Definitions
      At line 12 in file Init.s
   Uses
      None
Comment: GPIO_LOCK_KEY unused
GPIO_PORTF_AFSEL_R 40025420

Symbol: GPIO_PORTF_AFSEL_R
   Definitions
      At line 5 in file Init.s
   Uses
      At line 51 in file Init.s
Comment: GPIO_PORTF_AFSEL_R used once
GPIO_PORTF_AMSEL_R 40025528

Symbol: GPIO_PORTF_AMSEL_R
   Definitions
      At line 10 in file Init.s
   Uses
      At line 41 in file Init.s
Comment: GPIO_PORTF_AMSEL_R used once
GPIO_PORTF_CR_R 40025524

Symbol: GPIO_PORTF_CR_R
   Definitions
      At line 9 in file Init.s
   Uses
      At line 38 in file Init.s
Comment: GPIO_PORTF_CR_R used once
GPIO_PORTF_DATA_R 400253FC

Symbol: GPIO_PORTF_DATA_R
   Definitions
      At line 3 in file Init.s
   Uses
      At line 66 in file Init.s
Comment: GPIO_PORTF_DATA_R used once
GPIO_PORTF_DEN_R 4002551C

Symbol: GPIO_PORTF_DEN_R
   Definitions
      At line 7 in file Init.s
   Uses
      At line 57 in file Init.s
Comment: GPIO_PORTF_DEN_R used once
GPIO_PORTF_DIR_R 40025400

Symbol: GPIO_PORTF_DIR_R



ARM Macro Assembler    Page 2 Alphabetic symbol ordering
Absolute symbols

   Definitions
      At line 4 in file Init.s
   Uses
      At line 47 in file Init.s
Comment: GPIO_PORTF_DIR_R used once
GPIO_PORTF_LOCK_R 40025520

Symbol: GPIO_PORTF_LOCK_R
   Definitions
      At line 8 in file Init.s
   Uses
      At line 35 in file Init.s
Comment: GPIO_PORTF_LOCK_R used once
GPIO_PORTF_PCTL_R 4002552C

Symbol: GPIO_PORTF_PCTL_R
   Definitions
      At line 11 in file Init.s
   Uses
      At line 44 in file Init.s
Comment: GPIO_PORTF_PCTL_R used once
GPIO_PORTF_PUR_R 40025510

Symbol: GPIO_PORTF_PUR_R
   Definitions
      At line 6 in file Init.s
   Uses
      At line 54 in file Init.s
Comment: GPIO_PORTF_PUR_R used once
GREEN 00000008

Symbol: GREEN
   Definitions
      At line 17 in file Init.s
   Uses
      None
Comment: GREEN unused
PF1 40025008

Symbol: PF1
   Definitions
      At line 18 in file Init.s
   Uses
      None
Comment: PF1 unused
PF2 40025010

Symbol: PF2
   Definitions
      At line 19 in file Init.s
   Uses
      None
Comment: PF2 unused
PF3 40025020

Symbol: PF3
   Definitions
      At line 20 in file Init.s
   Uses



ARM Macro Assembler    Page 3 Alphabetic symbol ordering
Absolute symbols

      None
Comment: PF3 unused
RED 00000002

Symbol: RED
   Definitions
      At line 15 in file Init.s
   Uses
      None
Comment: RED unused
SYSCTL_RCGC2_GPIOF 00000020

Symbol: SYSCTL_RCGC2_GPIOF
   Definitions
      At line 14 in file Init.s
   Uses
      None
Comment: SYSCTL_RCGC2_GPIOF unused
SYSCTL_RCGC2_R 400FE108

Symbol: SYSCTL_RCGC2_R
   Definitions
      At line 13 in file Init.s
   Uses
      At line 29 in file Init.s
Comment: SYSCTL_RCGC2_R used once
18 symbols
356 symbols in table
