


ARM Macro Assembler    Page 1 


    1 00000000 400253FC 
                       GPIO_PORTF_DATA_R
                               EQU              0x400253FC
    2 00000000 00000002 
                       RED     EQU              0x02
    3 00000000 00000004 
                       BLUE    EQU              0x04
    4 00000000 00000008 
                       GREEN   EQU              0x08
    5 00000000 40025008 
                       PF1     EQU              0x40025008
    6 00000000 40025010 
                       PF2     EQU              0x40025010
    7 00000000 40025020 
                       PF3     EQU              0x40025020
    8 00000000         
    9 00000000                 AREA             |.text|, CODE, READONLY, ALIGN=
2
   10 00000000                 THUMB
   11 00000000         ;Be sure to export created functions
   12 00000000                 EXPORT           blue_led_on
   13 00000000                 EXPORT           blue_led_off
   14 00000000                 EXPORT           red_led_on
   15 00000000                 EXPORT           red_led_off
   16 00000000                 EXPORT           green_led_on
   17 00000000                 EXPORT           green_led_off
   18 00000000                 EXPORT           leds_off
   19 00000000         
   20 00000000         
   21 00000000         ;------------blue_led_on------
   22 00000000         ; Turn the blue LED on
   23 00000000         ; Input: none
   24 00000000         ; Output: none
   25 00000000         blue_led_on
   26 00000000 4911            LDR              R1, =PF2
   27 00000002 F04F 0004       MOV              R0, #BLUE   ; R0 = BLUE (blue L
                                                            ED on)
   28 00000006 6008            STR              R0, [R1]    ; turn the blue LED
                                                             on
   29 00000008 4770            BX               LR
   30 0000000A         
   31 0000000A         ;------------blue_led_off-----
   32 0000000A         ; Turn the blue LED off
   33 0000000A         ; Input: none
   34 0000000A         ; Output: none
   35 0000000A         blue_led_off
   36 0000000A 490F            LDR              R1, =PF2
   37 0000000C F04F 0000       MOV              R0, #0      ; R0 = 0
   38 00000010 6008            STR              R0, [R1]    ; turn the blue LED
                                                             OFF
   39 00000012 4770            BX               LR
   40 00000014         
   41 00000014         ;------------red_led_on-------
   42 00000014         ; Turn the red LED on
   43 00000014         ; Input: none
   44 00000014         ; Output: none
   45 00000014         red_led_on
   46 00000014 490D            LDR              R1, =PF1
   47 00000016 F04F 0002       MOV              R0, #RED    ; R0 = RED (red LED



ARM Macro Assembler    Page 2 


                                                             on)
   48 0000001A 6008            STR              R0, [R1]    ; turn the red LED 
                                                            on
   49 0000001C 4770            BX               LR
   50 0000001E         
   51 0000001E         ;------------red_led_off------
   52 0000001E         ; Turn the red LED off
   53 0000001E         ; Input: none
   54 0000001E         ; Output: none
   55 0000001E         red_led_off
   56 0000001E 490B            LDR              R1, =PF1
   57 00000020 F04F 0000       MOV              R0, #0      ; R0 = 0
   58 00000024 6008            STR              R0, [R1]    ; turn the red LED 
                                                            OFF
   59 00000026 4770            BX               LR
   60 00000028         
   61 00000028         ;------------green_led_on------
   62 00000028         ; Turn the green LED on
   63 00000028         ; Input: none
   64 00000028         ; Output: none
   65 00000028         green_led_on
   66 00000028 4909            LDR              R1, =PF3
   67 0000002A F04F 0008       MOV              R0, #GREEN  ; R0 = GREEN (green
                                                             LED on)
   68 0000002E 6008            STR              R0, [R1]    ; turn the green LE
                                                            D on
   69 00000030 4770            BX               LR
   70 00000032         
   71 00000032         ;------------green_led_off-----
   72 00000032         ; Turn the green LED off
   73 00000032         ; Input: none
   74 00000032         ; Output: none
   75 00000032         green_led_off
   76 00000032 4907            LDR              R1, =PF3
   77 00000034 F04F 0000       MOV              R0, #0      ; R0 = 0
   78 00000038 6008            STR              R0, [R1]    ; turn the green LE
                                                            D OFF
   79 0000003A 4770            BX               LR
   80 0000003C         
   81 0000003C         
   82 0000003C         leds_off
   83 0000003C 4905            LDR              R1, =GPIO_PORTF_DATA_R
   84 0000003E 6808            LDR              R0, [R1]
   85 00000040 F020 000E       BIC              R0, #0x0E
   86 00000044 6008            STR              R0, [R1]
   87 00000046 4770            BX               LR
   88 00000048         
   89 00000048         
   90 00000048         
   91 00000048                 ALIGN
   92 00000048                 END
              40025010 
              40025008 
              40025020 
              400253FC 
Command Line: --debug --xref --diag_suppress=9931 --cpu=Cortex-M4 --apcs=interw
ork --depend=.\objects\led.d -o.\objects\led.o -I.\RTE\_Target_1 -IC:\Users\eri
cm\AppData\Local\Arm\Packs\ARM\CMSIS\5.6.0\Device\ARM\ARMCM4\Include -IC:\Keil_
v5\ARM\CMSIS\Include --predefine="__EVAL SETA 1" --predefine="__UVISION_VERSION



ARM Macro Assembler    Page 3 


 SETA 529" --predefine="ARMCM4 SETA 1" --list=.\listings\led.lst LED.s



ARM Macro Assembler    Page 1 Alphabetic symbol ordering
Relocatable symbols

.text 00000000

Symbol: .text
   Definitions
      At line 9 in file LED.s
   Uses
      None
Comment: .text unused
blue_led_off 0000000A

Symbol: blue_led_off
   Definitions
      At line 35 in file LED.s
   Uses
      At line 13 in file LED.s
Comment: blue_led_off used once
blue_led_on 00000000

Symbol: blue_led_on
   Definitions
      At line 25 in file LED.s
   Uses
      At line 12 in file LED.s
Comment: blue_led_on used once
green_led_off 00000032

Symbol: green_led_off
   Definitions
      At line 75 in file LED.s
   Uses
      At line 17 in file LED.s
Comment: green_led_off used once
green_led_on 00000028

Symbol: green_led_on
   Definitions
      At line 65 in file LED.s
   Uses
      At line 16 in file LED.s
Comment: green_led_on used once
leds_off 0000003C

Symbol: leds_off
   Definitions
      At line 82 in file LED.s
   Uses
      At line 18 in file LED.s
Comment: leds_off used once
red_led_off 0000001E

Symbol: red_led_off
   Definitions
      At line 55 in file LED.s
   Uses
      At line 15 in file LED.s
Comment: red_led_off used once
red_led_on 00000014

Symbol: red_led_on



ARM Macro Assembler    Page 2 Alphabetic symbol ordering
Relocatable symbols

   Definitions
      At line 45 in file LED.s
   Uses
      At line 14 in file LED.s
Comment: red_led_on used once
8 symbols



ARM Macro Assembler    Page 1 Alphabetic symbol ordering
Absolute symbols

BLUE 00000004

Symbol: BLUE
   Definitions
      At line 3 in file LED.s
   Uses
      At line 27 in file LED.s
Comment: BLUE used once
GPIO_PORTF_DATA_R 400253FC

Symbol: GPIO_PORTF_DATA_R
   Definitions
      At line 1 in file LED.s
   Uses
      At line 83 in file LED.s
Comment: GPIO_PORTF_DATA_R used once
GREEN 00000008

Symbol: GREEN
   Definitions
      At line 4 in file LED.s
   Uses
      At line 67 in file LED.s
Comment: GREEN used once
PF1 40025008

Symbol: PF1
   Definitions
      At line 5 in file LED.s
   Uses
      At line 46 in file LED.s
      At line 56 in file LED.s

PF2 40025010

Symbol: PF2
   Definitions
      At line 6 in file LED.s
   Uses
      At line 26 in file LED.s
      At line 36 in file LED.s

PF3 40025020

Symbol: PF3
   Definitions
      At line 7 in file LED.s
   Uses
      At line 66 in file LED.s
      At line 76 in file LED.s

RED 00000002

Symbol: RED
   Definitions
      At line 2 in file LED.s
   Uses
      At line 47 in file LED.s
Comment: RED used once



ARM Macro Assembler    Page 2 Alphabetic symbol ordering
Absolute symbols

7 symbols
350 symbols in table
