


ARM Macro Assembler    Page 1 


    1 00000000         
    2 00000000         
    3 00000000                 AREA             |.text|, CODE, READONLY, ALIGN=
2
    4 00000000                 THUMB
    5 00000000                 EXPORT           Start
    6 00000000                 IMPORT           PortF_Init
    7 00000000                 IMPORT           exp
    8 00000000                 IMPORT           mulsum4
    9 00000000                 IMPORT           blue_led_on
   10 00000000                 IMPORT           blue_led_off
   11 00000000                 IMPORT           red_led_on
   12 00000000                 IMPORT           red_led_off
   13 00000000                 IMPORT           green_led_on
   14 00000000                 IMPORT           green_led_off
   15 00000000                 IMPORT           leds_off
   16 00000000                 IMPORT           delay
   17 00000000                 IMPORT           delay_dim
   18 00000000         
   19 00000000         ;Be sure to import your created functions
   20 00000000         
   21 00000000         
   22 00000000         
   23 00000000         Start
   24 00000000 F7FF FFFE       BL               PortF_Init
   25 00000004         loop
   26 00000004         
   27 00000004         ;Comment and uncomment the appropriate branch instructio
                       ns to demo the different parts of the lab
   28 00000004         ;B part1
   29 00000004         ;B part2
   30 00000004 E016            B                part3
   31 00000006         ;B part4
   32 00000006         
   33 00000006 E7FD            B                loop
   34 00000008         
   35 00000008         
   36 00000008         part1
   37 00000008         
   38 00000008         ;Toggle an LED every 25ms using your created 25ms delay 
                       subroutine
   39 00000008         
   40 00000008 F7FF FFFE       BL               red_led_on  ;Turn on LED
   41 0000000C F7FF FFFE       BL               delay       ;Call 25 ms delay s
                                                            ubroutine
   42 00000010 F7FF FFFE       BL               red_led_off ;Turn off LED
   43 00000014 F7FF FFFE       BL               delay       ;Call 25 ms delay s
                                                            ubroutine
   44 00000018         
   45 00000018 E7F4            B                loop
   46 0000001A         
   47 0000001A         
   48 0000001A         part2
   49 0000001A         
   50 0000001A         ;Toggle an LED every 500ms using your created variable d
                       elay subroutine
   51 0000001A         
   52 0000001A F7FF FFFE       BL               red_led_on  ;Turn on LED
   53 0000001E F04F 0014       MOV              R0, #20



ARM Macro Assembler    Page 2 


   54 00000022 F7FF FFFE       BL               delay       ;Call variable dela
                                                            y subroutine
   55 00000026         
   56 00000026 F7FF FFFE       BL               red_led_off ;Turn off LED
   57 0000002A F04F 0014       MOV              R0, #20
   58 0000002E F7FF FFFE       BL               delay       ;Call variable dela
                                                            y subroutine
   59 00000032         
   60 00000032 E7E7            B                loop
   61 00000034         
   62 00000034         
   63 00000034         part3
   64 00000034         
   65 00000034         ;B exp ;Comment out to do your own testing
   66 00000034         
   67 00000034         ;You can use this section to test your "exp" function
   68 00000034         ;Example of self testing
   69 00000034         ;MOV R0, #2
   70 00000034         ;MOV R1, #3
   71 00000034         ;BL exp
   72 00000034 F000 F803       BL               testexp
   73 00000038         ;NOP ;Check debugger value to make sure result is 125
   74 00000038         
   75 00000038 E7E4            B                loop
   76 0000003A         
   77 0000003A         
   78 0000003A         part4
   79 0000003A         
   80 0000003A E04E            B                testmulsum4 ;Comment out to do 
                                                            your own testing
   81 0000003C         
   82 0000003C E7E2            B                loop
   83 0000003E         
   84 0000003E         
   85 0000003E         
   86 0000003E         ;;;;;;;;;;;;;;;;;;;;;;;;;;;;;;;;;;;;
   87 0000003E         ;
   88 0000003E         ; Code for testing Parts 3 and 4
   89 0000003E         ;
   90 0000003E         ;;;;;;;;;;;;;;;;;;;;;;;;;;;;;;;;;;;;
   91 0000003E         
   92 0000003E         ;Tests exp subroutine which performs (A+B) to the power 
                       of A
   93 0000003E         ;Turns on green LED if exp is correct
   94 0000003E         ;Turns on red LED if exp is incorrect
   95 0000003E         testexp
   96 0000003E F7FF FFFE       BL               leds_off
   97 00000042 F04F 0001       MOV              R0, #1
   98 00000046 F04F 0102       MOV              R1, #2
   99 0000004A F04F 0403       MOV              R4, #3
  100 0000004E F7FF FFFE       BL               exp
  101 00000052 42A0            CMP              R0, R4
  102 00000054 D13E            BNE              testexpfail
  103 00000056 F04F 0002       MOV              R0, #2
  104 0000005A F04F 0103       MOV              R1, #3
  105 0000005E F04F 0519       MOV              R5, #25
  106 00000062 F7FF FFFE       BL               exp
  107 00000066 42A8            CMP              R0, R5
  108 00000068 D134            BNE              testexpfail



ARM Macro Assembler    Page 3 


  109 0000006A F04F 0003       MOV              R0, #3
  110 0000006E F04F 0107       MOV              R1, #7
  111 00000072 F44F 767A       MOV              R6, #1000
  112 00000076 F7FF FFFE       BL               exp
  113 0000007A 42B0            CMP              R0, R6
  114 0000007C D12A            BNE              testexpfail
  115 0000007E         
  116 0000007E F04F 0002       MOV              R0, #2
  117 00000082 F04F 0102       MOV              R1, #2
  118 00000086 F04F 0710       MOV              R7, #16
  119 0000008A F7FF FFFE       BL               exp
  120 0000008E 42B8            CMP              R0, R7
  121 00000090 D120            BNE              testexpfail
  122 00000092         
  123 00000092 F04F 0003       MOV              R0, #3
  124 00000096 F04F 0103       MOV              R1, #3
  125 0000009A F04F 08D8       MOV              R8, #216
  126 0000009E F7FF FFFE       BL               exp
  127 000000A2 4540            CMP              R0, R8
  128 000000A4 D116            BNE              testexpfail
  129 000000A6         
  130 000000A6 F04F 0004       MOV              R0, #4
  131 000000AA F04F 0104       MOV              R1, #4
  132 000000AE F44F 5980       MOV              R9, #4096
  133 000000B2 F7FF FFFE       BL               exp
  134 000000B6 4548            CMP              R0, R9
  135 000000B8 D10C            BNE              testexpfail
  136 000000BA         
  137 000000BA F04F 0002       MOV              R0, #2
  138 000000BE F04F 0106       MOV              R1, #6
  139 000000C2 F04F 0A40       MOV              R10, #64
  140 000000C6 F7FF FFFE       BL               exp
  141 000000CA 4550            CMP              R0, R10
  142 000000CC D102            BNE              testexpfail
  143 000000CE         
  144 000000CE F7FF FFFE       BL               green_led_on ;All tests passed
  145 000000D2 E001            B                testexpend
  146 000000D4         testexpfail
  147 000000D4 F7FF FFFE       BL               red_led_on
  148 000000D8         testexpend
  149 000000D8 E794            B                loop
  150 000000DA         
  151 000000DA         
  152 000000DA         ;Tests mulsum4 which performs ((A+B)*(C+D)*3)+D+(B*C*4)
  153 000000DA         ; (A+B+C)*(B+C+D)*2
  154 000000DA         ;Turns on blue LED if func4 is correct
  155 000000DA         ;Turns on red LED if func4 is incorrect
  156 000000DA         testmulsum4
  157 000000DA F7FF FFFE       BL               leds_off
  158 000000DE F04F 0001       MOV              R0, #1
  159 000000E2 F04F 0101       MOV              R1, #1
  160 000000E6 F04F 0201       MOV              R2, #1
  161 000000EA F04F 0301       MOV              R3, #1
  162 000000EE F04F 0412       MOV              R4, #18
  163 000000F2 F7FF FFFE       BL               mulsum4
  164 000000F6 42A0            CMP              R0, R4
  165 000000F8 D140            BNE              testmulsum4fail
  166 000000FA F04F 0002       MOV              R0, #2
  167 000000FE F04F 0103       MOV              R1, #3



ARM Macro Assembler    Page 4 


  168 00000102 F04F 0204       MOV              R2, #4
  169 00000106 F04F 0305       MOV              R3, #5
  170 0000010A F04F 05D8       MOV              R5, #216
  171 0000010E F7FF FFFE       BL               mulsum4
  172 00000112 42A8            CMP              R0, R5
  173 00000114 D132            BNE              testmulsum4fail
  174 00000116 F04F 0003       MOV              R0, #3
  175 0000011A F04F 0103       MOV              R1, #3
  176 0000011E F04F 0205       MOV              R2, #5
  177 00000122 F04F 0305       MOV              R3, #5
  178 00000126 F44F 768F       MOV              R6, #286
  179 0000012A F7FF FFFE       BL               mulsum4
  180 0000012E 42B0            CMP              R0, R6
  181 00000130 D124            BNE              testmulsum4fail
  182 00000132         
  183 00000132 F04F 0002       MOV              R0,#2
  184 00000136 F04F 0102       MOV              R1,#2
  185 0000013A F04F 0202       MOV              R2,#2
  186 0000013E F04F 0302       MOV              R3,#2
  187 00000142 F04F 0724       MOV              R7,#36
  188 00000146 F04F 0824       MOV              R8,#36
  189 0000014A F7FF FFFE       BL               mulsum4
  190 0000014E 4447            ADD              R7,R7,R8
  191 00000150 42B8            CMP              R0,R7
  192 00000152 D113            BNE              testmulsum4fail
  193 00000154         
  194 00000154 F04F 0003       MOV              R0,#3
  195 00000158 F04F 0104       MOV              R1,#4
  196 0000015C F04F 0201       MOV              R2,#1
  197 00000160 F04F 0303       MOV              R3,#3
  198 00000164 F04F 0940       MOV              R9,#64
  199 00000168 F04F 0A40       MOV              R10,#64
  200 0000016C F7FF FFFE       BL               mulsum4
  201 00000170 44D1            ADD              R9,R9,R10
  202 00000172 4548            CMP              R0,R9
  203 00000174 D102            BNE              testmulsum4fail
  204 00000176         
  205 00000176 F7FF FFFE       BL               blue_led_on ;All tests passed
  206 0000017A E001            B                testmulsum4end
  207 0000017C         testmulsum4fail
  208 0000017C F7FF FFFE       BL               red_led_on
  209 00000180         testmulsum4end
  210 00000180 E740            B                loop
  211 00000182         
  212 00000182         
  213 00000182 00 00           ALIGN
  214 00000184                 END
Command Line: --debug --xref --diag_suppress=9931 --cpu=Cortex-M4 --apcs=interw
ork --depend=.\objects\main.d -o.\objects\main.o -I.\RTE\_Target_1 -IC:\Users\e
ricm\AppData\Local\Arm\Packs\ARM\CMSIS\5.6.0\Device\ARM\ARMCM4\Include -IC:\Kei
l_v5\ARM\CMSIS\Include --predefine="__EVAL SETA 1" --predefine="__UVISION_VERSI
ON SETA 529" --predefine="ARMCM4 SETA 1" --list=.\listings\main.lst main.s



ARM Macro Assembler    Page 1 Alphabetic symbol ordering
Relocatable symbols

.text 00000000

Symbol: .text
   Definitions
      At line 3 in file main.s
   Uses
      None
Comment: .text unused
Start 00000000

Symbol: Start
   Definitions
      At line 23 in file main.s
   Uses
      At line 5 in file main.s
Comment: Start used once
loop 00000004

Symbol: loop
   Definitions
      At line 25 in file main.s
   Uses
      At line 33 in file main.s
      At line 45 in file main.s
      At line 60 in file main.s
      At line 75 in file main.s
      At line 82 in file main.s
      At line 149 in file main.s
      At line 210 in file main.s

part1 00000008

Symbol: part1
   Definitions
      At line 36 in file main.s
   Uses
      None
Comment: part1 unused
part2 0000001A

Symbol: part2
   Definitions
      At line 48 in file main.s
   Uses
      None
Comment: part2 unused
part3 00000034

Symbol: part3
   Definitions
      At line 63 in file main.s
   Uses
      At line 30 in file main.s
Comment: part3 used once
part4 0000003A

Symbol: part4
   Definitions
      At line 78 in file main.s



ARM Macro Assembler    Page 2 Alphabetic symbol ordering
Relocatable symbols

   Uses
      None
Comment: part4 unused
testexp 0000003E

Symbol: testexp
   Definitions
      At line 95 in file main.s
   Uses
      At line 72 in file main.s
Comment: testexp used once
testexpend 000000D8

Symbol: testexpend
   Definitions
      At line 148 in file main.s
   Uses
      At line 145 in file main.s
Comment: testexpend used once
testexpfail 000000D4

Symbol: testexpfail
   Definitions
      At line 146 in file main.s
   Uses
      At line 102 in file main.s
      At line 108 in file main.s
      At line 114 in file main.s
      At line 121 in file main.s
      At line 128 in file main.s
      At line 135 in file main.s
      At line 142 in file main.s

testmulsum4 000000DA

Symbol: testmulsum4
   Definitions
      At line 156 in file main.s
   Uses
      At line 80 in file main.s
Comment: testmulsum4 used once
testmulsum4end 00000180

Symbol: testmulsum4end
   Definitions
      At line 209 in file main.s
   Uses
      At line 206 in file main.s
Comment: testmulsum4end used once
testmulsum4fail 0000017C

Symbol: testmulsum4fail
   Definitions
      At line 207 in file main.s
   Uses
      At line 165 in file main.s
      At line 173 in file main.s
      At line 181 in file main.s
      At line 192 in file main.s



ARM Macro Assembler    Page 3 Alphabetic symbol ordering
Relocatable symbols

      At line 203 in file main.s

13 symbols



ARM Macro Assembler    Page 1 Alphabetic symbol ordering
External symbols

PortF_Init 00000000

Symbol: PortF_Init
   Definitions
      At line 6 in file main.s
   Uses
      At line 24 in file main.s
Comment: PortF_Init used once
blue_led_off 00000000

Symbol: blue_led_off
   Definitions
      At line 10 in file main.s
   Uses
      None
Comment: blue_led_off unused
blue_led_on 00000000

Symbol: blue_led_on
   Definitions
      At line 9 in file main.s
   Uses
      At line 205 in file main.s
Comment: blue_led_on used once
delay 00000000

Symbol: delay
   Definitions
      At line 16 in file main.s
   Uses
      At line 41 in file main.s
      At line 43 in file main.s
      At line 54 in file main.s
      At line 58 in file main.s

delay_dim 00000000

Symbol: delay_dim
   Definitions
      At line 17 in file main.s
   Uses
      None
Comment: delay_dim unused
exp 00000000

Symbol: exp
   Definitions
      At line 7 in file main.s
   Uses
      At line 100 in file main.s
      At line 106 in file main.s
      At line 112 in file main.s
      At line 119 in file main.s
      At line 126 in file main.s
      At line 133 in file main.s
      At line 140 in file main.s

green_led_off 00000000




ARM Macro Assembler    Page 2 Alphabetic symbol ordering
External symbols

Symbol: green_led_off
   Definitions
      At line 14 in file main.s
   Uses
      None
Comment: green_led_off unused
green_led_on 00000000

Symbol: green_led_on
   Definitions
      At line 13 in file main.s
   Uses
      At line 144 in file main.s
Comment: green_led_on used once
leds_off 00000000

Symbol: leds_off
   Definitions
      At line 15 in file main.s
   Uses
      At line 96 in file main.s
      At line 157 in file main.s

mulsum4 00000000

Symbol: mulsum4
   Definitions
      At line 8 in file main.s
   Uses
      At line 163 in file main.s
      At line 171 in file main.s
      At line 179 in file main.s
      At line 189 in file main.s
      At line 200 in file main.s

red_led_off 00000000

Symbol: red_led_off
   Definitions
      At line 12 in file main.s
   Uses
      At line 42 in file main.s
      At line 56 in file main.s

red_led_on 00000000

Symbol: red_led_on
   Definitions
      At line 11 in file main.s
   Uses
      At line 40 in file main.s
      At line 52 in file main.s
      At line 147 in file main.s
      At line 208 in file main.s

12 symbols
358 symbols in table
