


ARM Macro Assembler    Page 1 


    1 00000000         
    2 00000000         
    3 00000000         
    4 00000000         
    5 00000000                 AREA             |.text|, CODE, READONLY, ALIGN=
2
    6 00000000                 THUMB
    7 00000000                 EXPORT           Start
    8 00000000                 IMPORT           PortF_Init  ;
    9 00000000                 IMPORT           delay
   10 00000000                 IMPORT           delay_dim
   11 00000000                 IMPORT           blue_led_on
   12 00000000                 IMPORT           blue_led_off
   13 00000000                 IMPORT           red_led_on
   14 00000000                 IMPORT           red_led_off
   15 00000000                 IMPORT           green_led_on
   16 00000000                 IMPORT           green_led_off
   17 00000000         
   18 00000000         Start
   19 00000000 F7FF FFFE       BL               PortF_Init  ; ; Initialize the 
                                                            LEDs and Pushbutton
                                                            s
   20 00000004         
   21 00000004         loop
   22 00000004         
   23 00000004 E008            B                parts34     ;Uncomment this lin
                                                            e to skip the toggl
                                                            ing routine used in
                                                             Parts 1 and 2
   24 00000006         
   25 00000006 F7FF FFFE       BL               red_led_on
   26 0000000A F7FF FFFE       BL               delay
   27 0000000E F7FF FFFE       BL               red_led_off
   28 00000012 F7FF FFFE       BL               delay
   29 00000016 E7F5            B                loop
   30 00000018         
   31 00000018         
   32 00000018 00000004 
                       RedVal  EQU              4
   33 00000018 00000002 
                       GreenVal
                               EQU              2
   34 00000018 00000003 
                       BlueVal EQU              3
   35 00000018 00000003 
                       part4   EQU              3
   36 00000018         parts34
   37 00000018 F04F 0304       LDR              R3, =RedVal
   38 0000001C         REDLoop
   39 0000001C F7FF FFFE       BL               red_led_on
   40 00000020 F7FF FFFE       BL               delay
   41 00000024 F7FF FFFE       BL               red_led_off
   42 00000028 F7FF FFFE       BL               delay
   43 0000002C 1E5B            SUBS             R3, R3, #1
   44 0000002E D1F5            BNE              REDLoop
   45 00000030         
   46 00000030 F04F 0403       LDR              R4, =part4
   47 00000034         part4Loop
   48 00000034 F04F 0303       LDR              R3, =BlueVal



ARM Macro Assembler    Page 2 


   49 00000038         BLUELoop
   50 00000038 F7FF FFFE       BL               blue_led_on
   51 0000003C F7FF FFFE       BL               delay
   52 00000040 F7FF FFFE       BL               blue_led_off
   53 00000044 F7FF FFFE       BL               delay
   54 00000048 1E5B            SUBS             R3, R3, #1
   55 0000004A D1F5            BNE              BLUELoop
   56 0000004C         
   57 0000004C F04F 0302       LDR              R3, =GreenVal
   58 00000050         GREENLoop
   59 00000050 F7FF FFFE       BL               green_led_on
   60 00000054 F7FF FFFE       BL               delay
   61 00000058 F7FF FFFE       BL               green_led_off
   62 0000005C F7FF FFFE       BL               delay
   63 00000060 1E5B            SUBS             R3, R3, #1
   64 00000062 D1F5            BNE              GREENLoop
   65 00000064         
   66 00000064 1E64            SUBS             R4, R4, #1
   67 00000066 D1E5            BNE              part4Loop
   68 00000068         
   69 00000068 E7D6            B                parts34
   70 0000006A         
   71 0000006A 00 00           ALIGN                        ; make sure the end
                                                             of this section is
                                                             aligned
   72 0000006C                 END                          ; end of file
Command Line: --debug --xref --diag_suppress=9931 --cpu=Cortex-M4 --apcs=interw
ork --depend=.\objects\main.d -o.\objects\main.o -I.\RTE\_Target_1 -IC:\Users\e
ricm\AppData\Local\Arm\Packs\ARM\CMSIS\5.6.0\Device\ARM\ARMCM4\Include -IC:\Kei
l_v5\ARM\CMSIS\Include --predefine="__EVAL SETA 1" --predefine="__UVISION_VERSI
ON SETA 529" --predefine="ARMCM4 SETA 1" --list=.\listings\main.lst main.s



ARM Macro Assembler    Page 1 Alphabetic symbol ordering
Relocatable symbols

.text 00000000

Symbol: .text
   Definitions
      At line 5 in file main.s
   Uses
      None
Comment: .text unused
BLUELoop 00000038

Symbol: BLUELoop
   Definitions
      At line 49 in file main.s
   Uses
      At line 55 in file main.s
Comment: BLUELoop used once
GREENLoop 00000050

Symbol: GREENLoop
   Definitions
      At line 58 in file main.s
   Uses
      At line 64 in file main.s
Comment: GREENLoop used once
REDLoop 0000001C

Symbol: REDLoop
   Definitions
      At line 38 in file main.s
   Uses
      At line 44 in file main.s
Comment: REDLoop used once
Start 00000000

Symbol: Start
   Definitions
      At line 18 in file main.s
   Uses
      At line 7 in file main.s
Comment: Start used once
loop 00000004

Symbol: loop
   Definitions
      At line 21 in file main.s
   Uses
      At line 29 in file main.s
Comment: loop used once
part4Loop 00000034

Symbol: part4Loop
   Definitions
      At line 47 in file main.s
   Uses
      At line 67 in file main.s
Comment: part4Loop used once
parts34 00000018

Symbol: parts34



ARM Macro Assembler    Page 2 Alphabetic symbol ordering
Relocatable symbols

   Definitions
      At line 36 in file main.s
   Uses
      At line 23 in file main.s
      At line 69 in file main.s

8 symbols



ARM Macro Assembler    Page 1 Alphabetic symbol ordering
Absolute symbols

BlueVal 00000003

Symbol: BlueVal
   Definitions
      At line 34 in file main.s
   Uses
      At line 48 in file main.s
Comment: BlueVal used once
GreenVal 00000002

Symbol: GreenVal
   Definitions
      At line 33 in file main.s
   Uses
      At line 57 in file main.s
Comment: GreenVal used once
RedVal 00000004

Symbol: RedVal
   Definitions
      At line 32 in file main.s
   Uses
      At line 37 in file main.s
Comment: RedVal used once
part4 00000003

Symbol: part4
   Definitions
      At line 35 in file main.s
   Uses
      At line 46 in file main.s
Comment: part4 used once
4 symbols



ARM Macro Assembler    Page 1 Alphabetic symbol ordering
External symbols

PortF_Init 00000000

Symbol: PortF_Init
   Definitions
      At line 8 in file main.s
   Uses
      At line 19 in file main.s
Comment: PortF_Init used once
blue_led_off 00000000

Symbol: blue_led_off
   Definitions
      At line 12 in file main.s
   Uses
      At line 52 in file main.s
Comment: blue_led_off used once
blue_led_on 00000000

Symbol: blue_led_on
   Definitions
      At line 11 in file main.s
   Uses
      At line 50 in file main.s
Comment: blue_led_on used once
delay 00000000

Symbol: delay
   Definitions
      At line 9 in file main.s
   Uses
      At line 26 in file main.s
      At line 28 in file main.s
      At line 40 in file main.s
      At line 42 in file main.s
      At line 51 in file main.s
      At line 53 in file main.s
      At line 60 in file main.s
      At line 62 in file main.s

delay_dim 00000000

Symbol: delay_dim
   Definitions
      At line 10 in file main.s
   Uses
      None
Comment: delay_dim unused
green_led_off 00000000

Symbol: green_led_off
   Definitions
      At line 16 in file main.s
   Uses
      At line 61 in file main.s
Comment: green_led_off used once
green_led_on 00000000

Symbol: green_led_on
   Definitions



ARM Macro Assembler    Page 2 Alphabetic symbol ordering
External symbols

      At line 15 in file main.s
   Uses
      At line 59 in file main.s
Comment: green_led_on used once
red_led_off 00000000

Symbol: red_led_off
   Definitions
      At line 14 in file main.s
   Uses
      At line 27 in file main.s
      At line 41 in file main.s

red_led_on 00000000

Symbol: red_led_on
   Definitions
      At line 13 in file main.s
   Uses
      At line 25 in file main.s
      At line 39 in file main.s

9 symbols
354 symbols in table
