


ARM Macro Assembler    Page 1 


    1 00000000         ; Credit: Based on software by Valvano
    2 00000000         
    3 00000000 400253FC 
                       GPIO_PORTF_DATA_R
                               EQU              0x400253FC
    4 00000000 40025400 
                       GPIO_PORTF_DIR_R
                               EQU              0x40025400
    5 00000000 40025420 
                       GPIO_PORTF_AFSEL_R
                               EQU              0x40025420
    6 00000000 40025510 
                       GPIO_PORTF_PUR_R
                               EQU              0x40025510
    7 00000000 4002551C 
                       GPIO_PORTF_DEN_R
                               EQU              0x4002551C
    8 00000000 40025520 
                       GPIO_PORTF_LOCK_R
                               EQU              0x40025520
    9 00000000 40025524 
                       GPIO_PORTF_CR_R
                               EQU              0x40025524
   10 00000000 40025528 
                       GPIO_PORTF_AMSEL_R
                               EQU              0x40025528
   11 00000000 4002552C 
                       GPIO_PORTF_PCTL_R
                               EQU              0x4002552C
   12 00000000 4C4F434B 
                       GPIO_LOCK_KEY
                               EQU              0x4C4F434B  ; Unlocks the GPIO_
                                                            CR register
   13 00000000 400FE108 
                       SYSCTL_RCGC2_R
                               EQU              0x400FE108
   14 00000000 00000020 
                       SYSCTL_RCGC2_GPIOF
                               EQU              0x00000020  ; port F Clock Gati
                                                            ng Control
   15 00000000 00000002 
                       RED     EQU              0x02
   16 00000000 00000004 
                       BLUE    EQU              0x04
   17 00000000 00000008 
                       GREEN   EQU              0x08
   18 00000000 40025008 
                       PF1     EQU              0x40025008
   19 00000000 40025010 
                       PF2     EQU              0x40025010
   20 00000000 40025020 
                       PF3     EQU              0x40025020
   21 00000000         
   22 00000000                 AREA             |.text|, CODE, READONLY, ALIGN=
2
   23 00000000                 THUMB
   24 00000000                 EXPORT           PortF_Init
   25 00000000                 EXPORT           blue_led_on
   26 00000000                 EXPORT           blue_led_off



ARM Macro Assembler    Page 2 


   27 00000000                 EXPORT           red_led_on
   28 00000000                 EXPORT           red_led_off
   29 00000000                 EXPORT           green_led_on
   30 00000000                 EXPORT           green_led_off
   31 00000000         
   32 00000000         PortF_Init
   33 00000000 4922            LDR              R1, =SYSCTL_RCGC2_R ; 1) activa
                                                            te clock for Port F
                                                            
   34 00000002 6808            LDR              R0, [R1]
   35 00000004 F040 0020       ORR              R0, R0, #0x20 ; set bit 5 to tu
                                                            rn on clock
   36 00000008 6008            STR              R0, [R1]
   37 0000000A BF00            NOP
   38 0000000C BF00            NOP                          ; allow time for cl
                                                            ock to finish
   39 0000000E 4920            LDR              R1, =GPIO_PORTF_LOCK_R ; 2) unl
                                                            ock the lock regist
                                                            er
   40 00000010 4820            LDR              R0, =0x4C4F434B ; unlock GPIO P
                                                            ort F Commit Regist
                                                            er
   41 00000012 6008            STR              R0, [R1]
   42 00000014 4920            LDR              R1, =GPIO_PORTF_CR_R ; enable c
                                                            ommit for Port F
   43 00000016 F04F 00FF       MOV              R0, #0xFF   ; 1 means allow acc
                                                            ess
   44 0000001A 6008            STR              R0, [R1]
   45 0000001C 491F            LDR              R1, =GPIO_PORTF_AMSEL_R ; 3) di
                                                            sable analog functi
                                                            onality
   46 0000001E F04F 0000       MOV              R0, #0      ; 0 means analog is
                                                             off
   47 00000022 6008            STR              R0, [R1]
   48 00000024 491E            LDR              R1, =GPIO_PORTF_PCTL_R ; 4) con
                                                            figure as GPIO
   49 00000026 F04F 0000       MOV              R0, #0x00000000 ; 0 means confi
                                                            gure Port F as GPIO
                                                            
   50 0000002A 6008            STR              R0, [R1]
   51 0000002C 491D            LDR              R1, =GPIO_PORTF_DIR_R ; 5) set 
                                                            direction register
   52 0000002E 6808            LDR              R0, [R1]
   53 00000030 F04F 000E       MOV              R0, #0x0E
   54 00000034 6008            STR              R0, [R1]
   55 00000036 491C            LDR              R1, =GPIO_PORTF_AFSEL_R ; 6) re
                                                            gular port function
                                                            
   56 00000038 F04F 0000       MOV              R0, #0      ; 0 means disable a
                                                            lternate function 
   57 0000003C 6008            STR              R0, [R1]
   58 0000003E 491B            LDR              R1, =GPIO_PORTF_PUR_R ; pull-up
                                                             resistors for PF4,
                                                            PF0
   59 00000040 F04F 0011       MOV              R0, #0x11   ; enable weak pull-
                                                            up on PF0 and PF4
   60 00000044 6008            STR              R0, [R1]
   61 00000046 491A            LDR              R1, =GPIO_PORTF_DEN_R ; 7) enab
                                                            le Port F digital p



ARM Macro Assembler    Page 3 


                                                            ort
   62 00000048 F04F 00FF       MOV              R0, #0xFF   ; 1 means enable di
                                                            gital I/O
   63 0000004C 6008            STR              R0, [R1]
   64 0000004E 4770            BX               LR
   65 00000050         
   66 00000050         ;------------blue_led_on------
   67 00000050         ; Turn the blue LED on
   68 00000050         ; Input: none
   69 00000050         ; Output: none
   70 00000050         blue_led_on
   71 00000050 4918            LDR              R1, =PF2
   72 00000052 F04F 0004       MOV              R0, #BLUE   ; R0 = BLUE (blue L
                                                            ED on)
   73 00000056 6008            STR              R0, [R1]    ; turn the blue LED
                                                             on
   74 00000058 4770            BX               LR
   75 0000005A         
   76 0000005A         ;------------blue_led_off-----
   77 0000005A         ; Turn the blue LED off
   78 0000005A         ; Input: none
   79 0000005A         ; Output: none
   80 0000005A         blue_led_off
   81 0000005A 4916            LDR              R1, =PF2
   82 0000005C F04F 0000       MOV              R0, #0      ; R0 = 0
   83 00000060 6008            STR              R0, [R1]    ; turn the blue LED
                                                             OFF
   84 00000062 4770            BX               LR
   85 00000064         
   86 00000064         ;------------red_led_on-------
   87 00000064         ; Turn the red LED on
   88 00000064         ; Input: none
   89 00000064         ; Output: none
   90 00000064         red_led_on
   91 00000064 4914            LDR              R1, =PF1
   92 00000066 F04F 0002       MOV              R0, #RED    ; R0 = RED (red LED
                                                             on)
   93 0000006A 6008            STR              R0, [R1]    ; turn the red LED 
                                                            on
   94 0000006C 4770            BX               LR
   95 0000006E         
   96 0000006E         ;------------red_led_off------
   97 0000006E         ; Turn the red LED off
   98 0000006E         ; Input: none
   99 0000006E         ; Output: none
  100 0000006E         red_led_off
  101 0000006E 4912            LDR              R1, =PF1
  102 00000070 F04F 0000       MOV              R0, #0      ; R0 = 0
  103 00000074 6008            STR              R0, [R1]    ; turn the red LED 
                                                            OFF
  104 00000076 4770            BX               LR
  105 00000078         
  106 00000078         ;------------green_led_on------
  107 00000078         ; Turn the green LED on
  108 00000078         ; Input: none
  109 00000078         ; Output: none
  110 00000078         green_led_on
  111 00000078 4910            LDR              R1, =PF3
  112 0000007A F04F 0008       MOV              R0, #GREEN  ; R0 = GREEN (green



ARM Macro Assembler    Page 4 


                                                             LED on)
  113 0000007E 6008            STR              R0, [R1]    ; turn the green LE
                                                            D on
  114 00000080 4770            BX               LR
  115 00000082         
  116 00000082         ;------------green_led_off-----
  117 00000082         ; Turn the green LED off
  118 00000082         ; Input: none
  119 00000082         ; Output: none
  120 00000082         green_led_off
  121 00000082 490E            LDR              R1, =PF3
  122 00000084 F04F 0000       MOV              R0, #0      ; R0 = 0
  123 00000088 6008            STR              R0, [R1]    ; turn the green LE
                                                            D OFF
  124 0000008A 4770            BX               LR
  125 0000008C         
  126 0000008C                 ALIGN                        ; make sure the end
                                                             of this section is
                                                             aligned
  127 0000008C                 END                          ; end of file
              400FE108 
              40025520 
              4C4F434B 
              40025524 
              40025528 
              4002552C 
              40025400 
              40025420 
              40025510 
              4002551C 
              40025010 
              40025008 
              40025020 
Command Line: --debug --xref --diag_suppress=9931 --cpu=Cortex-M4 --apcs=interw
ork --depend=.\objects\portf.d -o.\objects\portf.o -I.\RTE\_Target_1 -IC:\Users
\ericm\AppData\Local\Arm\Packs\ARM\CMSIS\5.6.0\Device\ARM\ARMCM4\Include -IC:\K
eil_v5\ARM\CMSIS\Include --predefine="__EVAL SETA 1" --predefine="__UVISION_VER
SION SETA 529" --predefine="ARMCM4 SETA 1" --list=.\listings\portf.lst PortF.s



ARM Macro Assembler    Page 1 Alphabetic symbol ordering
Relocatable symbols

.text 00000000

Symbol: .text
   Definitions
      At line 22 in file PortF.s
   Uses
      None
Comment: .text unused
PortF_Init 00000000

Symbol: PortF_Init
   Definitions
      At line 32 in file PortF.s
   Uses
      At line 24 in file PortF.s
Comment: PortF_Init used once
blue_led_off 0000005A

Symbol: blue_led_off
   Definitions
      At line 80 in file PortF.s
   Uses
      At line 26 in file PortF.s
Comment: blue_led_off used once
blue_led_on 00000050

Symbol: blue_led_on
   Definitions
      At line 70 in file PortF.s
   Uses
      At line 25 in file PortF.s
Comment: blue_led_on used once
green_led_off 00000082

Symbol: green_led_off
   Definitions
      At line 120 in file PortF.s
   Uses
      At line 30 in file PortF.s
Comment: green_led_off used once
green_led_on 00000078

Symbol: green_led_on
   Definitions
      At line 110 in file PortF.s
   Uses
      At line 29 in file PortF.s
Comment: green_led_on used once
red_led_off 0000006E

Symbol: red_led_off
   Definitions
      At line 100 in file PortF.s
   Uses
      At line 28 in file PortF.s
Comment: red_led_off used once
red_led_on 00000064

Symbol: red_led_on



ARM Macro Assembler    Page 2 Alphabetic symbol ordering
Relocatable symbols

   Definitions
      At line 90 in file PortF.s
   Uses
      At line 27 in file PortF.s
Comment: red_led_on used once
8 symbols



ARM Macro Assembler    Page 1 Alphabetic symbol ordering
Absolute symbols

BLUE 00000004

Symbol: BLUE
   Definitions
      At line 16 in file PortF.s
   Uses
      At line 72 in file PortF.s
Comment: BLUE used once
GPIO_LOCK_KEY 4C4F434B

Symbol: GPIO_LOCK_KEY
   Definitions
      At line 12 in file PortF.s
   Uses
      None
Comment: GPIO_LOCK_KEY unused
GPIO_PORTF_AFSEL_R 40025420

Symbol: GPIO_PORTF_AFSEL_R
   Definitions
      At line 5 in file PortF.s
   Uses
      At line 55 in file PortF.s
Comment: GPIO_PORTF_AFSEL_R used once
GPIO_PORTF_AMSEL_R 40025528

Symbol: GPIO_PORTF_AMSEL_R
   Definitions
      At line 10 in file PortF.s
   Uses
      At line 45 in file PortF.s
Comment: GPIO_PORTF_AMSEL_R used once
GPIO_PORTF_CR_R 40025524

Symbol: GPIO_PORTF_CR_R
   Definitions
      At line 9 in file PortF.s
   Uses
      At line 42 in file PortF.s
Comment: GPIO_PORTF_CR_R used once
GPIO_PORTF_DATA_R 400253FC

Symbol: GPIO_PORTF_DATA_R
   Definitions
      At line 3 in file PortF.s
   Uses
      None
Comment: GPIO_PORTF_DATA_R unused
GPIO_PORTF_DEN_R 4002551C

Symbol: GPIO_PORTF_DEN_R
   Definitions
      At line 7 in file PortF.s
   Uses
      At line 61 in file PortF.s
Comment: GPIO_PORTF_DEN_R used once
GPIO_PORTF_DIR_R 40025400

Symbol: GPIO_PORTF_DIR_R



ARM Macro Assembler    Page 2 Alphabetic symbol ordering
Absolute symbols

   Definitions
      At line 4 in file PortF.s
   Uses
      At line 51 in file PortF.s
Comment: GPIO_PORTF_DIR_R used once
GPIO_PORTF_LOCK_R 40025520

Symbol: GPIO_PORTF_LOCK_R
   Definitions
      At line 8 in file PortF.s
   Uses
      At line 39 in file PortF.s
Comment: GPIO_PORTF_LOCK_R used once
GPIO_PORTF_PCTL_R 4002552C

Symbol: GPIO_PORTF_PCTL_R
   Definitions
      At line 11 in file PortF.s
   Uses
      At line 48 in file PortF.s
Comment: GPIO_PORTF_PCTL_R used once
GPIO_PORTF_PUR_R 40025510

Symbol: GPIO_PORTF_PUR_R
   Definitions
      At line 6 in file PortF.s
   Uses
      At line 58 in file PortF.s
Comment: GPIO_PORTF_PUR_R used once
GREEN 00000008

Symbol: GREEN
   Definitions
      At line 17 in file PortF.s
   Uses
      At line 112 in file PortF.s
Comment: GREEN used once
PF1 40025008

Symbol: PF1
   Definitions
      At line 18 in file PortF.s
   Uses
      At line 91 in file PortF.s
      At line 101 in file PortF.s

PF2 40025010

Symbol: PF2
   Definitions
      At line 19 in file PortF.s
   Uses
      At line 71 in file PortF.s
      At line 81 in file PortF.s

PF3 40025020

Symbol: PF3
   Definitions



ARM Macro Assembler    Page 3 Alphabetic symbol ordering
Absolute symbols

      At line 20 in file PortF.s
   Uses
      At line 111 in file PortF.s
      At line 121 in file PortF.s

RED 00000002

Symbol: RED
   Definitions
      At line 15 in file PortF.s
   Uses
      At line 92 in file PortF.s
Comment: RED used once
SYSCTL_RCGC2_GPIOF 00000020

Symbol: SYSCTL_RCGC2_GPIOF
   Definitions
      At line 14 in file PortF.s
   Uses
      None
Comment: SYSCTL_RCGC2_GPIOF unused
SYSCTL_RCGC2_R 400FE108

Symbol: SYSCTL_RCGC2_R
   Definitions
      At line 13 in file PortF.s
   Uses
      At line 33 in file PortF.s
Comment: SYSCTL_RCGC2_R used once
18 symbols
361 symbols in table
