


ARM Macro Assembler    Page 1 


    1 00000000 400253FC 
                       GPIO_PORTF_DATA_R
                               EQU              0x400253FC
    2 00000000 40025400 
                       GPIO_PORTF_DIR_R
                               EQU              0x40025400
    3 00000000 40025420 
                       GPIO_PORTF_AFSEL_R
                               EQU              0x40025420
    4 00000000 40025510 
                       GPIO_PORTF_PUR_R
                               EQU              0x40025510
    5 00000000 4002551C 
                       GPIO_PORTF_DEN_R
                               EQU              0x4002551C
    6 00000000 40025520 
                       GPIO_PORTF_LOCK_R
                               EQU              0x40025520
    7 00000000 40025524 
                       GPIO_PORTF_CR_R
                               EQU              0x40025524
    8 00000000 40025528 
                       GPIO_PORTF_AMSEL_R
                               EQU              0x40025528
    9 00000000 4002552C 
                       GPIO_PORTF_PCTL_R
                               EQU              0x4002552C
   10 00000000 4C4F434B 
                       GPIO_LOCK_KEY
                               EQU              0x4C4F434B  ; Unlocks the GPIO_
                                                            CR register
   11 00000000 400FE108 
                       SYSCTL_RCGC2_R
                               EQU              0x400FE108
   12 00000000 00000020 
                       SYSCTL_RCGC2_GPIOF
                               EQU              0x00000020  ; port F Clock Gati
                                                            ng Control
   13 00000000 00000002 
                       RED     EQU              0x02
   14 00000000 00000004 
                       BLUE    EQU              0x04
   15 00000000 00000008 
                       GREEN   EQU              0x08
   16 00000000 40025008 
                       PF1     EQU              0x40025008
   17 00000000 40025010 
                       PF2     EQU              0x40025010
   18 00000000 40025020 
                       PF3     EQU              0x40025020
   19 00000000         
   20 00000000         
   21 00000000         
   22 00000000                 AREA             |.text|, CODE, READONLY, ALIGN=
2
   23 00000000                 THUMB
   24 00000000                 EXPORT           Start
   25 00000000                 IMPORT           PortF_Init  ;
   26 00000000                 IMPORT           delay



ARM Macro Assembler    Page 2 


   27 00000000                 IMPORT           delay_dim
   28 00000000                 IMPORT           blue_led_on
   29 00000000                 IMPORT           blue_led_off
   30 00000000                 IMPORT           red_led_on
   31 00000000                 IMPORT           red_led_off
   32 00000000                 IMPORT           green_led_on
   33 00000000                 IMPORT           green_led_off
   34 00000000         
   35 00000000         Start
   36 00000000 F7FF FFFE       BL               PortF_Init  ; ; Initialize the 
                                                            LEDs and Pushbutton
                                                            s
   37 00000004         
   38 00000004         loop
   39 00000004 481D            LDR              R0, =GPIO_PORTF_DATA_R
   40 00000006 6801            LDR              R1, [R0]
   41 00000008 F001 0111       AND              R1, #0x11
   42 0000000C 2901            CMP              R1, #0x01
   43 0000000E D006            BEQ              dim         ;SW1 is pressed
   44 00000010 2910            CMP              R1, #0x10
   45 00000012 D00D            BEQ              toggle      ;Both pressed
   46 00000014 2900            CMP              R1, #0x00
   47 00000016 D018            BEQ              routine     ;Both pressed
   48 00000018 F7FF FFFE       BL               blue_led_on ;No buttons pressed
                                                            
   49 0000001C E7F2            B                loop
   50 0000001E         
   51 0000001E         dim
   52 0000001E F7FF FFFE       BL               blue_led_on
   53 00000022 F7FF FFFE       BL               delay_dim
   54 00000026 F7FF FFFE       BL               blue_led_off
   55 0000002A F7FF FFFE       BL               delay_dim
   56 0000002E E7E9            B                loop
   57 00000030         
   58 00000030         toggle
   59 00000030 F7FF FFFE       BL               blue_led_on
   60 00000034 F7FF FFFE       BL               delay
   61 00000038 F7FF FFFE       BL               blue_led_off
   62 0000003C F7FF FFFE       BL               green_led_on
   63 00000040 F7FF FFFE       BL               delay
   64 00000044 F7FF FFFE       BL               green_led_off
   65 00000048 E7DC            B                loop
   66 0000004A         
   67 0000004A         routine
   68 0000004A F7FF FFFE       BL               blue_led_off
   69 0000004E F7FF FFFE       BL               red_led_on
   70 00000052 F7FF FFFE       BL               delay
   71 00000056 F7FF FFFE       BL               delay
   72 0000005A F7FF FFFE       BL               red_led_off
   73 0000005E F7FF FFFE       BL               green_led_on
   74 00000062 F7FF FFFE       BL               delay
   75 00000066 F7FF FFFE       BL               delay
   76 0000006A F7FF FFFE       BL               green_led_off
   77 0000006E F7FF FFFE       BL               blue_led_on
   78 00000072 F7FF FFFE       BL               delay
   79 00000076 F7FF FFFE       BL               delay
   80 0000007A         
   81 0000007A E7C3            B                loop
   82 0000007C         



ARM Macro Assembler    Page 3 


   83 0000007C                 ALIGN                        ; make sure the end
                                                             of this section is
                                                             aligned
   84 0000007C                 END                          ; end of file
              400253FC 
Command Line: --debug --xref --diag_suppress=9931 --cpu=Cortex-M4 --apcs=interw
ork --depend=.\objects\main.d -o.\objects\main.o -I.\RTE\_Target_1 -IC:\Users\e
ricm\AppData\Local\Arm\Packs\ARM\CMSIS\5.6.0\Device\ARM\ARMCM4\Include -IC:\Kei
l_v5\ARM\CMSIS\Include --predefine="__EVAL SETA 1" --predefine="__UVISION_VERSI
ON SETA 529" --predefine="ARMCM4 SETA 1" --list=.\listings\main.lst main.s



ARM Macro Assembler    Page 1 Alphabetic symbol ordering
Relocatable symbols

.text 00000000

Symbol: .text
   Definitions
      At line 22 in file main.s
   Uses
      None
Comment: .text unused
Start 00000000

Symbol: Start
   Definitions
      At line 35 in file main.s
   Uses
      At line 24 in file main.s
Comment: Start used once
dim 0000001E

Symbol: dim
   Definitions
      At line 51 in file main.s
   Uses
      At line 43 in file main.s
Comment: dim used once
loop 00000004

Symbol: loop
   Definitions
      At line 38 in file main.s
   Uses
      At line 49 in file main.s
      At line 56 in file main.s
      At line 65 in file main.s
      At line 81 in file main.s

routine 0000004A

Symbol: routine
   Definitions
      At line 67 in file main.s
   Uses
      At line 47 in file main.s
Comment: routine used once
toggle 00000030

Symbol: toggle
   Definitions
      At line 58 in file main.s
   Uses
      At line 45 in file main.s
Comment: toggle used once
6 symbols



ARM Macro Assembler    Page 1 Alphabetic symbol ordering
Absolute symbols

BLUE 00000004

Symbol: BLUE
   Definitions
      At line 14 in file main.s
   Uses
      None
Comment: BLUE unused
GPIO_LOCK_KEY 4C4F434B

Symbol: GPIO_LOCK_KEY
   Definitions
      At line 10 in file main.s
   Uses
      None
Comment: GPIO_LOCK_KEY unused
GPIO_PORTF_AFSEL_R 40025420

Symbol: GPIO_PORTF_AFSEL_R
   Definitions
      At line 3 in file main.s
   Uses
      None
Comment: GPIO_PORTF_AFSEL_R unused
GPIO_PORTF_AMSEL_R 40025528

Symbol: GPIO_PORTF_AMSEL_R
   Definitions
      At line 8 in file main.s
   Uses
      None
Comment: GPIO_PORTF_AMSEL_R unused
GPIO_PORTF_CR_R 40025524

Symbol: GPIO_PORTF_CR_R
   Definitions
      At line 7 in file main.s
   Uses
      None
Comment: GPIO_PORTF_CR_R unused
GPIO_PORTF_DATA_R 400253FC

Symbol: GPIO_PORTF_DATA_R
   Definitions
      At line 1 in file main.s
   Uses
      At line 39 in file main.s
Comment: GPIO_PORTF_DATA_R used once
GPIO_PORTF_DEN_R 4002551C

Symbol: GPIO_PORTF_DEN_R
   Definitions
      At line 5 in file main.s
   Uses
      None
Comment: GPIO_PORTF_DEN_R unused
GPIO_PORTF_DIR_R 40025400

Symbol: GPIO_PORTF_DIR_R



ARM Macro Assembler    Page 2 Alphabetic symbol ordering
Absolute symbols

   Definitions
      At line 2 in file main.s
   Uses
      None
Comment: GPIO_PORTF_DIR_R unused
GPIO_PORTF_LOCK_R 40025520

Symbol: GPIO_PORTF_LOCK_R
   Definitions
      At line 6 in file main.s
   Uses
      None
Comment: GPIO_PORTF_LOCK_R unused
GPIO_PORTF_PCTL_R 4002552C

Symbol: GPIO_PORTF_PCTL_R
   Definitions
      At line 9 in file main.s
   Uses
      None
Comment: GPIO_PORTF_PCTL_R unused
GPIO_PORTF_PUR_R 40025510

Symbol: GPIO_PORTF_PUR_R
   Definitions
      At line 4 in file main.s
   Uses
      None
Comment: GPIO_PORTF_PUR_R unused
GREEN 00000008

Symbol: GREEN
   Definitions
      At line 15 in file main.s
   Uses
      None
Comment: GREEN unused
PF1 40025008

Symbol: PF1
   Definitions
      At line 16 in file main.s
   Uses
      None
Comment: PF1 unused
PF2 40025010

Symbol: PF2
   Definitions
      At line 17 in file main.s
   Uses
      None
Comment: PF2 unused
PF3 40025020

Symbol: PF3
   Definitions
      At line 18 in file main.s
   Uses



ARM Macro Assembler    Page 3 Alphabetic symbol ordering
Absolute symbols

      None
Comment: PF3 unused
RED 00000002

Symbol: RED
   Definitions
      At line 13 in file main.s
   Uses
      None
Comment: RED unused
SYSCTL_RCGC2_GPIOF 00000020

Symbol: SYSCTL_RCGC2_GPIOF
   Definitions
      At line 12 in file main.s
   Uses
      None
Comment: SYSCTL_RCGC2_GPIOF unused
SYSCTL_RCGC2_R 400FE108

Symbol: SYSCTL_RCGC2_R
   Definitions
      At line 11 in file main.s
   Uses
      None
Comment: SYSCTL_RCGC2_R unused
18 symbols



ARM Macro Assembler    Page 1 Alphabetic symbol ordering
External symbols

PortF_Init 00000000

Symbol: PortF_Init
   Definitions
      At line 25 in file main.s
   Uses
      At line 36 in file main.s
Comment: PortF_Init used once
blue_led_off 00000000

Symbol: blue_led_off
   Definitions
      At line 29 in file main.s
   Uses
      At line 54 in file main.s
      At line 61 in file main.s
      At line 68 in file main.s

blue_led_on 00000000

Symbol: blue_led_on
   Definitions
      At line 28 in file main.s
   Uses
      At line 48 in file main.s
      At line 52 in file main.s
      At line 59 in file main.s
      At line 77 in file main.s

delay 00000000

Symbol: delay
   Definitions
      At line 26 in file main.s
   Uses
      At line 60 in file main.s
      At line 63 in file main.s
      At line 70 in file main.s
      At line 71 in file main.s
      At line 74 in file main.s
      At line 75 in file main.s
      At line 78 in file main.s
      At line 79 in file main.s

delay_dim 00000000

Symbol: delay_dim
   Definitions
      At line 27 in file main.s
   Uses
      At line 53 in file main.s
      At line 55 in file main.s

green_led_off 00000000

Symbol: green_led_off
   Definitions
      At line 33 in file main.s
   Uses



ARM Macro Assembler    Page 2 Alphabetic symbol ordering
External symbols

      At line 64 in file main.s
      At line 76 in file main.s

green_led_on 00000000

Symbol: green_led_on
   Definitions
      At line 32 in file main.s
   Uses
      At line 62 in file main.s
      At line 73 in file main.s

red_led_off 00000000

Symbol: red_led_off
   Definitions
      At line 31 in file main.s
   Uses
      At line 72 in file main.s
Comment: red_led_off used once
red_led_on 00000000

Symbol: red_led_on
   Definitions
      At line 30 in file main.s
   Uses
      At line 69 in file main.s
Comment: red_led_on used once
9 symbols
368 symbols in table
