


ARM Macro Assembler    Page 1 


    1 00000000         
    2 00000000         
    3 00000000                 AREA             |.text|, CODE, READONLY, ALIGN=
2
    4 00000000                 THUMB
    5 00000000                 EXPORT           Example
    6 00000000                 EXPORT           Part3
    7 00000000                 EXPORT           Part4
    8 00000000                 EXPORT           Part5
    9 00000000                 IMPORT           Example_Function
   10 00000000                 IMPORT           Part3_Function
   11 00000000                 IMPORT           Part4_Function
   12 00000000                 IMPORT           Part5_Function
   13 00000000                 IMPORT           delay
   14 00000000                 IMPORT           delay_dim
   15 00000000                 IMPORT           blue_led_on
   16 00000000                 IMPORT           blue_led_off
   17 00000000                 IMPORT           red_led_on
   18 00000000                 IMPORT           red_led_off
   19 00000000                 IMPORT           green_led_on
   20 00000000                 IMPORT           green_led_off
   21 00000000                 IMPORT           leds_off
   22 00000000         
   23 00000000         
   24 00000000         Example
   25 00000000 F04F 0002       MOV              R0, #2
   26 00000004 F04F 0103       MOV              R1, #3
   27 00000008 B500            PUSH             {LR}
   28 0000000A F7FF FFFE       BL               Example_Function
   29 0000000E 2805            CMP              R0, #5
   30 00000010 D102            BNE              exfail
   31 00000012 F7FF FFFE       BL               blue_led_on
   32 00000016 E001            B                exend
   33 00000018         exfail
   34 00000018 F7FF FFFE       BL               red_led_on
   35 0000001C         exend
   36 0000001C F85D EB04       POP              {LR}
   37 00000020 4770            BX               LR
   38 00000022         
   39 00000022         
   40 00000022         
   41 00000022         
   42 00000022         Part3
   43 00000022 F04F 0004       MOV              R0, #0x04
   44 00000026 F04F 0111       MOV              R1, #0x11
   45 0000002A B500            PUSH{LR}
   46 0000002C F7FF FFFE       BL               Part3_Function
   47 00000030 2811            CMP              R0, #0x11
   48 00000032 D10B            BNE              fail3
   49 00000034 F04F 0005       MOV              R0, #0x05
   50 00000038 F04F 0147       MOV              R1, #0x47
   51 0000003C F7FF FFFE       BL               Part3_Function
   52 00000040 2817            CMP              R0, #0x17
   53 00000042 F7FF FFFE       BL               leds_off
   54 00000046 F7FF FFFE       BL               blue_led_on
   55 0000004A E003            B                end3
   56 0000004C         fail3
   57 0000004C F7FF FFFE       BL               leds_off
   58 00000050 F7FF FFFE       BL               red_led_on



ARM Macro Assembler    Page 2 


   59 00000054         end3
   60 00000054 F85D EB04       POP              {LR}
   61 00000058 4770            BX               LR
   62 0000005A         
   63 0000005A         
   64 0000005A         Part4
   65 0000005A F04F 0005       MOV              R0, #0x05
   66 0000005E F04F 0104       MOV              R1, #0x04
   67 00000062 B500            PUSH             {LR}
   68 00000064 F7FF FFFE       BL               Part4_Function
   69 00000068 285A            CMP              R0, #0x5A
   70 0000006A D10C            BNE              fail4
   71 0000006C F04F 0014       MOV              R0, #20
   72 00000070 F04F 0102       MOV              R1, #2
   73 00000074 F7FF FFFE       BL               Part4_Function
   74 00000078 2878            CMP              R0, #0x78
   75 0000007A D104            BNE              fail4
   76 0000007C F7FF FFFE       BL               leds_off
   77 00000080 F7FF FFFE       BL               green_led_on
   78 00000084 E003            B                end4
   79 00000086         fail4
   80 00000086 F7FF FFFE       BL               leds_off
   81 0000008A F7FF FFFE       BL               red_led_on
   82 0000008E         end4
   83 0000008E F85D EB04       POP              {LR}
   84 00000092 4770            BX               LR
   85 00000094         
   86 00000094         
   87 00000094         
   88 00000094         Part5
   89 00000094 F04F 0004       MOV              R0, #4
   90 00000098 F04F 010C       MOV              R1, #12
   91 0000009C F04F 0214       MOV              R2, #20
   92 000000A0 B500            PUSH             {LR}
   93 000000A2 F7FF FFFE       BL               Part5_Function
   94 000000A6 2856            CMP              R0, #0x56
   95 000000A8 D1ED            BNE              fail4
   96 000000AA F04F 0003       MOV              R0, #3
   97 000000AE F04F 0105       MOV              R1, #5
   98 000000B2 F04F 0211       MOV              R2, #17
   99 000000B6 F7FF FFFE       BL               Part5_Function
  100 000000BA 2855            CMP              R0, #0x55
  101 000000BC D1E3            BNE              fail4
  102 000000BE F7FF FFFE       BL               leds_off
  103 000000C2 F7FF FFFE       BL               green_led_on
  104 000000C6 F7FF FFFE       BL               blue_led_on
  105 000000CA E7FF            B                end5
  106 000000CC         fail5
  107 000000CC         ;BL red_led_on
  108 000000CC         end5
  109 000000CC F85D EB04       POP              {LR}
  110 000000D0 4770            BX               LR
  111 000000D2         
  112 000000D2         
  113 000000D2 00 00           ALIGN
  114 000000D4                 END
Command Line: --debug --xref --diag_suppress=9931 --cpu=Cortex-M4 --apcs=interw
ork --depend=.\objects\operation.d -o.\objects\operation.o -I.\RTE\_Target_1 -I
C:\Users\ericm\AppData\Local\Arm\Packs\ARM\CMSIS\5.6.0\Device\ARM\ARMCM4\Includ



ARM Macro Assembler    Page 3 


e -IC:\Keil_v5\ARM\CMSIS\Include --predefine="__EVAL SETA 1" --predefine="__UVI
SION_VERSION SETA 529" --predefine="ARMCM4 SETA 1" --list=.\listings\operation.
lst operation.s



ARM Macro Assembler    Page 1 Alphabetic symbol ordering
Relocatable symbols

.text 00000000

Symbol: .text
   Definitions
      At line 3 in file operation.s
   Uses
      None
Comment: .text unused
Example 00000000

Symbol: Example
   Definitions
      At line 24 in file operation.s
   Uses
      At line 5 in file operation.s
Comment: Example used once
Part3 00000022

Symbol: Part3
   Definitions
      At line 42 in file operation.s
   Uses
      At line 6 in file operation.s
Comment: Part3 used once
Part4 0000005A

Symbol: Part4
   Definitions
      At line 64 in file operation.s
   Uses
      At line 7 in file operation.s
Comment: Part4 used once
Part5 00000094

Symbol: Part5
   Definitions
      At line 88 in file operation.s
   Uses
      At line 8 in file operation.s
Comment: Part5 used once
end3 00000054

Symbol: end3
   Definitions
      At line 59 in file operation.s
   Uses
      At line 55 in file operation.s
Comment: end3 used once
end4 0000008E

Symbol: end4
   Definitions
      At line 82 in file operation.s
   Uses
      At line 78 in file operation.s
Comment: end4 used once
end5 000000CC

Symbol: end5



ARM Macro Assembler    Page 2 Alphabetic symbol ordering
Relocatable symbols

   Definitions
      At line 108 in file operation.s
   Uses
      At line 105 in file operation.s
Comment: end5 used once
exend 0000001C

Symbol: exend
   Definitions
      At line 35 in file operation.s
   Uses
      At line 32 in file operation.s
Comment: exend used once
exfail 00000018

Symbol: exfail
   Definitions
      At line 33 in file operation.s
   Uses
      At line 30 in file operation.s
Comment: exfail used once
fail3 0000004C

Symbol: fail3
   Definitions
      At line 56 in file operation.s
   Uses
      At line 48 in file operation.s
Comment: fail3 used once
fail4 00000086

Symbol: fail4
   Definitions
      At line 79 in file operation.s
   Uses
      At line 70 in file operation.s
      At line 75 in file operation.s
      At line 95 in file operation.s
      At line 101 in file operation.s

fail5 000000CC

Symbol: fail5
   Definitions
      At line 106 in file operation.s
   Uses
      None
Comment: fail5 unused
13 symbols



ARM Macro Assembler    Page 1 Alphabetic symbol ordering
External symbols

Example_Function 00000000

Symbol: Example_Function
   Definitions
      At line 9 in file operation.s
   Uses
      At line 28 in file operation.s
Comment: Example_Function used once
Part3_Function 00000000

Symbol: Part3_Function
   Definitions
      At line 10 in file operation.s
   Uses
      At line 46 in file operation.s
      At line 51 in file operation.s

Part4_Function 00000000

Symbol: Part4_Function
   Definitions
      At line 11 in file operation.s
   Uses
      At line 68 in file operation.s
      At line 73 in file operation.s

Part5_Function 00000000

Symbol: Part5_Function
   Definitions
      At line 12 in file operation.s
   Uses
      At line 93 in file operation.s
      At line 99 in file operation.s

blue_led_off 00000000

Symbol: blue_led_off
   Definitions
      At line 16 in file operation.s
   Uses
      None
Comment: blue_led_off unused
blue_led_on 00000000

Symbol: blue_led_on
   Definitions
      At line 15 in file operation.s
   Uses
      At line 31 in file operation.s
      At line 54 in file operation.s
      At line 104 in file operation.s

delay 00000000

Symbol: delay
   Definitions
      At line 13 in file operation.s
   Uses



ARM Macro Assembler    Page 2 Alphabetic symbol ordering
External symbols

      None
Comment: delay unused
delay_dim 00000000

Symbol: delay_dim
   Definitions
      At line 14 in file operation.s
   Uses
      None
Comment: delay_dim unused
green_led_off 00000000

Symbol: green_led_off
   Definitions
      At line 20 in file operation.s
   Uses
      None
Comment: green_led_off unused
green_led_on 00000000

Symbol: green_led_on
   Definitions
      At line 19 in file operation.s
   Uses
      At line 77 in file operation.s
      At line 103 in file operation.s

leds_off 00000000

Symbol: leds_off
   Definitions
      At line 21 in file operation.s
   Uses
      At line 53 in file operation.s
      At line 57 in file operation.s
      At line 76 in file operation.s
      At line 80 in file operation.s
      At line 102 in file operation.s

red_led_off 00000000

Symbol: red_led_off
   Definitions
      At line 18 in file operation.s
   Uses
      None
Comment: red_led_off unused
red_led_on 00000000

Symbol: red_led_on
   Definitions
      At line 17 in file operation.s
   Uses
      At line 34 in file operation.s
      At line 58 in file operation.s
      At line 81 in file operation.s

13 symbols
359 symbols in table
